This is pdfTeX, Version 3.14159265-2.6-1.40.16 (TeX Live 2015/Debian) (preloaded format=pdflatex 2016.8.7)  14 DEC 2016 23:58
entering extended mode
 restricted \write18 enabled.
 %&-line parsing enabled.
**MergeProblem.tex
(./MergeProblem.tex
LaTeX2e <2016/02/01>
Babel <3.9q> and hyphenation patterns for 6 language(s) loaded.
(/usr/share/texlive/texmf-dist/tex/latex/base/article.cls
Document Class: article 2014/09/29 v1.4h Standard LaTeX document class
(/usr/share/texlive/texmf-dist/tex/latex/base/size10.clo
File: size10.clo 2014/09/29 v1.4h Standard LaTeX file (size option)
)
\c@part=\count79
\c@section=\count80
\c@subsection=\count81
\c@subsubsection=\count82
\c@paragraph=\count83
\c@subparagraph=\count84
\c@figure=\count85
\c@table=\count86
\abovecaptionskip=\skip41
\belowcaptionskip=\skip42
\bibindent=\dimen102
)
(/usr/share/texlive/texmf-dist/tex/generic/babel/babel.sty
Package: babel 2016/02/24 3.9q The Babel package

(/usr/share/texlive/texmf-dist/tex/generic/babel-english/english.ldf
Language: english 2012/08/20 v3.3p English support from the babel system

(/usr/share/texlive/texmf-dist/tex/generic/babel/babel.def
File: babel.def 2016/02/24 3.9q Babel common definitions
\babel@savecnt=\count87
\U@D=\dimen103
)
\l@canadian = a dialect from \language\l@american 
\l@australian = a dialect from \language\l@british 
\l@newzealand = a dialect from \language\l@british 
))
(/usr/share/texlive/texmf-dist/tex/latex/base/inputenc.sty
Package: inputenc 2015/03/17 v1.2c Input encoding file
\inpenc@prehook=\toks14
\inpenc@posthook=\toks15

(/usr/share/texlive/texmf-dist/tex/latex/ucs/utf8x.def
File: utf8x.def 2004/10/17 UCS: Input encoding UTF-8
))
(/usr/share/texlive/texmf-dist/tex/latex/ucs/ucs.sty
Package: ucs 2013/05/11 v2.2 UCS: Unicode input support

(/usr/share/texlive/texmf-dist/tex/latex/ucs/data/uni-global.def
File: uni-global.def 2013/05/13 UCS: Unicode global data
)
\uc@secondtry=\count88
\uc@combtoks=\toks16
\uc@combtoksb=\toks17
\uc@temptokena=\toks18
)
(/usr/share/texlive/texmf-dist/tex/latex/base/fontenc.sty
Package: fontenc 2005/09/27 v1.99g Standard LaTeX package

(/usr/share/texlive/texmf-dist/tex/latex/base/t1enc.def
File: t1enc.def 2005/09/27 v1.99g Standard LaTeX file
LaTeX Font Info:    Redeclaring font encoding T1 on input line 48.
))
(/usr/share/texlive/texmf-dist/tex/latex/pgf/frontendlayer/tikz.sty
(/usr/share/texlive/texmf-dist/tex/latex/pgf/basiclayer/pgf.sty
(/usr/share/texlive/texmf-dist/tex/latex/pgf/utilities/pgfrcs.sty
(/usr/share/texlive/texmf-dist/tex/generic/pgf/utilities/pgfutil-common.tex
\pgfutil@everybye=\toks19
\pgfutil@tempdima=\dimen104
\pgfutil@tempdimb=\dimen105

(/usr/share/texlive/texmf-dist/tex/generic/pgf/utilities/pgfutil-common-lists.t
ex)) (/usr/share/texlive/texmf-dist/tex/generic/pgf/utilities/pgfutil-latex.def
\pgfutil@abb=\box26
(/usr/share/texlive/texmf-dist/tex/latex/ms/everyshi.sty
Package: everyshi 2001/05/15 v3.00 EveryShipout Package (MS)
))
(/usr/share/texlive/texmf-dist/tex/generic/pgf/utilities/pgfrcs.code.tex
Package: pgfrcs 2015/08/07 v3.0.1a (rcs-revision 1.31)
))
Package: pgf 2015/08/07 v3.0.1a (rcs-revision 1.15)

(/usr/share/texlive/texmf-dist/tex/latex/pgf/basiclayer/pgfcore.sty
(/usr/share/texlive/texmf-dist/tex/latex/graphics/graphicx.sty
Package: graphicx 2014/10/28 v1.0g Enhanced LaTeX Graphics (DPC,SPQR)

(/usr/share/texlive/texmf-dist/tex/latex/graphics/keyval.sty
Package: keyval 2014/10/28 v1.15 key=value parser (DPC)
\KV@toks@=\toks20
)
(/usr/share/texlive/texmf-dist/tex/latex/graphics/graphics.sty
Package: graphics 2016/01/03 v1.0q Standard LaTeX Graphics (DPC,SPQR)

(/usr/share/texlive/texmf-dist/tex/latex/graphics/trig.sty
Package: trig 2016/01/03 v1.10 sin cos tan (DPC)
)
(/usr/share/texlive/texmf-dist/tex/latex/latexconfig/graphics.cfg
File: graphics.cfg 2010/04/23 v1.9 graphics configuration of TeX Live
)
Package graphics Info: Driver file: pdftex.def on input line 95.

(/usr/share/texlive/texmf-dist/tex/latex/pdftex-def/pdftex.def
File: pdftex.def 2011/05/27 v0.06d Graphics/color for pdfTeX

(/usr/share/texlive/texmf-dist/tex/generic/oberdiek/infwarerr.sty
Package: infwarerr 2010/04/08 v1.3 Providing info/warning/error messages (HO)
)
(/usr/share/texlive/texmf-dist/tex/generic/oberdiek/ltxcmds.sty
Package: ltxcmds 2011/11/09 v1.22 LaTeX kernel commands for general use (HO)
)
\Gread@gobject=\count89
))
\Gin@req@height=\dimen106
\Gin@req@width=\dimen107
)
(/usr/share/texlive/texmf-dist/tex/latex/pgf/systemlayer/pgfsys.sty
(/usr/share/texlive/texmf-dist/tex/generic/pgf/systemlayer/pgfsys.code.tex
Package: pgfsys 2014/07/09 v3.0.1a (rcs-revision 1.48)

(/usr/share/texlive/texmf-dist/tex/generic/pgf/utilities/pgfkeys.code.tex
\pgfkeys@pathtoks=\toks21
\pgfkeys@temptoks=\toks22

(/usr/share/texlive/texmf-dist/tex/generic/pgf/utilities/pgfkeysfiltered.code.t
ex
\pgfkeys@tmptoks=\toks23
))
\pgf@x=\dimen108
\pgf@y=\dimen109
\pgf@xa=\dimen110
\pgf@ya=\dimen111
\pgf@xb=\dimen112
\pgf@yb=\dimen113
\pgf@xc=\dimen114
\pgf@yc=\dimen115
\w@pgf@writea=\write3
\r@pgf@reada=\read1
\c@pgf@counta=\count90
\c@pgf@countb=\count91
\c@pgf@countc=\count92
\c@pgf@countd=\count93
\t@pgf@toka=\toks24
\t@pgf@tokb=\toks25
\t@pgf@tokc=\toks26
 (/usr/share/texlive/texmf-dist/tex/generic/pgf/systemlayer/pgf.cfg
File: pgf.cfg 2008/05/14  (rcs-revision 1.7)
)
Driver file for pgf: pgfsys-pdftex.def

(/usr/share/texlive/texmf-dist/tex/generic/pgf/systemlayer/pgfsys-pdftex.def
File: pgfsys-pdftex.def 2014/10/11  (rcs-revision 1.35)

(/usr/share/texlive/texmf-dist/tex/generic/pgf/systemlayer/pgfsys-common-pdf.de
f
File: pgfsys-common-pdf.def 2013/10/10  (rcs-revision 1.13)
)))
(/usr/share/texlive/texmf-dist/tex/generic/pgf/systemlayer/pgfsyssoftpath.code.
tex
File: pgfsyssoftpath.code.tex 2013/09/09  (rcs-revision 1.9)
\pgfsyssoftpath@smallbuffer@items=\count94
\pgfsyssoftpath@bigbuffer@items=\count95
)
(/usr/share/texlive/texmf-dist/tex/generic/pgf/systemlayer/pgfsysprotocol.code.
tex
File: pgfsysprotocol.code.tex 2006/10/16  (rcs-revision 1.4)
)) (/usr/share/texlive/texmf-dist/tex/latex/xcolor/xcolor.sty
Package: xcolor 2007/01/21 v2.11 LaTeX color extensions (UK)

(/usr/share/texlive/texmf-dist/tex/latex/latexconfig/color.cfg
File: color.cfg 2007/01/18 v1.5 color configuration of teTeX/TeXLive
)
Package xcolor Info: Driver file: pdftex.def on input line 225.
Package xcolor Info: Model `cmy' substituted by `cmy0' on input line 1337.
Package xcolor Info: Model `hsb' substituted by `rgb' on input line 1341.
Package xcolor Info: Model `RGB' extended on input line 1353.
Package xcolor Info: Model `HTML' substituted by `rgb' on input line 1355.
Package xcolor Info: Model `Hsb' substituted by `hsb' on input line 1356.
Package xcolor Info: Model `tHsb' substituted by `hsb' on input line 1357.
Package xcolor Info: Model `HSB' substituted by `hsb' on input line 1358.
Package xcolor Info: Model `Gray' substituted by `gray' on input line 1359.
Package xcolor Info: Model `wave' substituted by `hsb' on input line 1360.
)
(/usr/share/texlive/texmf-dist/tex/generic/pgf/basiclayer/pgfcore.code.tex
Package: pgfcore 2010/04/11 v3.0.1a (rcs-revision 1.7)

(/usr/share/texlive/texmf-dist/tex/generic/pgf/math/pgfmath.code.tex
(/usr/share/texlive/texmf-dist/tex/generic/pgf/math/pgfmathcalc.code.tex
(/usr/share/texlive/texmf-dist/tex/generic/pgf/math/pgfmathutil.code.tex)
(/usr/share/texlive/texmf-dist/tex/generic/pgf/math/pgfmathparser.code.tex
\pgfmath@dimen=\dimen116
\pgfmath@count=\count96
\pgfmath@box=\box27
\pgfmath@toks=\toks27
\pgfmath@stack@operand=\toks28
\pgfmath@stack@operation=\toks29
)
(/usr/share/texlive/texmf-dist/tex/generic/pgf/math/pgfmathfunctions.code.tex
(/usr/share/texlive/texmf-dist/tex/generic/pgf/math/pgfmathfunctions.basic.code
.tex)
(/usr/share/texlive/texmf-dist/tex/generic/pgf/math/pgfmathfunctions.trigonomet
ric.code.tex)
(/usr/share/texlive/texmf-dist/tex/generic/pgf/math/pgfmathfunctions.random.cod
e.tex)
(/usr/share/texlive/texmf-dist/tex/generic/pgf/math/pgfmathfunctions.comparison
.code.tex)
(/usr/share/texlive/texmf-dist/tex/generic/pgf/math/pgfmathfunctions.base.code.
tex)
(/usr/share/texlive/texmf-dist/tex/generic/pgf/math/pgfmathfunctions.round.code
.tex)
(/usr/share/texlive/texmf-dist/tex/generic/pgf/math/pgfmathfunctions.misc.code.
tex)
(/usr/share/texlive/texmf-dist/tex/generic/pgf/math/pgfmathfunctions.integerari
thmetics.code.tex)))
(/usr/share/texlive/texmf-dist/tex/generic/pgf/math/pgfmathfloat.code.tex
\c@pgfmathroundto@lastzeros=\count97
))
(/usr/share/texlive/texmf-dist/tex/generic/pgf/basiclayer/pgfcorepoints.code.te
x
File: pgfcorepoints.code.tex 2013/10/07  (rcs-revision 1.27)
\pgf@picminx=\dimen117
\pgf@picmaxx=\dimen118
\pgf@picminy=\dimen119
\pgf@picmaxy=\dimen120
\pgf@pathminx=\dimen121
\pgf@pathmaxx=\dimen122
\pgf@pathminy=\dimen123
\pgf@pathmaxy=\dimen124
\pgf@xx=\dimen125
\pgf@xy=\dimen126
\pgf@yx=\dimen127
\pgf@yy=\dimen128
\pgf@zx=\dimen129
\pgf@zy=\dimen130
)
(/usr/share/texlive/texmf-dist/tex/generic/pgf/basiclayer/pgfcorepathconstruct.
code.tex
File: pgfcorepathconstruct.code.tex 2013/10/07  (rcs-revision 1.29)
\pgf@path@lastx=\dimen131
\pgf@path@lasty=\dimen132
)
(/usr/share/texlive/texmf-dist/tex/generic/pgf/basiclayer/pgfcorepathusage.code
.tex
File: pgfcorepathusage.code.tex 2014/11/02  (rcs-revision 1.24)
\pgf@shorten@end@additional=\dimen133
\pgf@shorten@start@additional=\dimen134
)
(/usr/share/texlive/texmf-dist/tex/generic/pgf/basiclayer/pgfcorescopes.code.te
x
File: pgfcorescopes.code.tex 2015/05/08  (rcs-revision 1.46)
\pgfpic=\box28
\pgf@hbox=\box29
\pgf@layerbox@main=\box30
\pgf@picture@serial@count=\count98
)
(/usr/share/texlive/texmf-dist/tex/generic/pgf/basiclayer/pgfcoregraphicstate.c
ode.tex
File: pgfcoregraphicstate.code.tex 2014/11/02  (rcs-revision 1.12)
\pgflinewidth=\dimen135
)
(/usr/share/texlive/texmf-dist/tex/generic/pgf/basiclayer/pgfcoretransformation
s.code.tex
File: pgfcoretransformations.code.tex 2015/08/07  (rcs-revision 1.20)
\pgf@pt@x=\dimen136
\pgf@pt@y=\dimen137
\pgf@pt@temp=\dimen138
)
(/usr/share/texlive/texmf-dist/tex/generic/pgf/basiclayer/pgfcorequick.code.tex
File: pgfcorequick.code.tex 2008/10/09  (rcs-revision 1.3)
)
(/usr/share/texlive/texmf-dist/tex/generic/pgf/basiclayer/pgfcoreobjects.code.t
ex
File: pgfcoreobjects.code.tex 2006/10/11  (rcs-revision 1.2)
)
(/usr/share/texlive/texmf-dist/tex/generic/pgf/basiclayer/pgfcorepathprocessing
.code.tex
File: pgfcorepathprocessing.code.tex 2013/09/09  (rcs-revision 1.9)
)
(/usr/share/texlive/texmf-dist/tex/generic/pgf/basiclayer/pgfcorearrows.code.te
x
File: pgfcorearrows.code.tex 2015/05/14  (rcs-revision 1.43)
\pgfarrowsep=\dimen139
)
(/usr/share/texlive/texmf-dist/tex/generic/pgf/basiclayer/pgfcoreshade.code.tex
File: pgfcoreshade.code.tex 2013/07/15  (rcs-revision 1.15)
\pgf@max=\dimen140
\pgf@sys@shading@range@num=\count99
)
(/usr/share/texlive/texmf-dist/tex/generic/pgf/basiclayer/pgfcoreimage.code.tex
File: pgfcoreimage.code.tex 2013/07/15  (rcs-revision 1.18)

(/usr/share/texlive/texmf-dist/tex/generic/pgf/basiclayer/pgfcoreexternal.code.
tex
File: pgfcoreexternal.code.tex 2014/07/09  (rcs-revision 1.21)
\pgfexternal@startupbox=\box31
))
(/usr/share/texlive/texmf-dist/tex/generic/pgf/basiclayer/pgfcorelayers.code.te
x
File: pgfcorelayers.code.tex 2013/07/18  (rcs-revision 1.7)
)
(/usr/share/texlive/texmf-dist/tex/generic/pgf/basiclayer/pgfcoretransparency.c
ode.tex
File: pgfcoretransparency.code.tex 2013/09/30  (rcs-revision 1.5)
)
(/usr/share/texlive/texmf-dist/tex/generic/pgf/basiclayer/pgfcorepatterns.code.
tex
File: pgfcorepatterns.code.tex 2013/11/07  (rcs-revision 1.5)
)))
(/usr/share/texlive/texmf-dist/tex/generic/pgf/modules/pgfmoduleshapes.code.tex
File: pgfmoduleshapes.code.tex 2014/03/21  (rcs-revision 1.35)
\pgfnodeparttextbox=\box32
) (/usr/share/texlive/texmf-dist/tex/generic/pgf/modules/pgfmoduleplot.code.tex
File: pgfmoduleplot.code.tex 2015/08/03  (rcs-revision 1.13)
)
(/usr/share/texlive/texmf-dist/tex/latex/pgf/compatibility/pgfcomp-version-0-65
.sty
Package: pgfcomp-version-0-65 2007/07/03 v3.0.1a (rcs-revision 1.7)
\pgf@nodesepstart=\dimen141
\pgf@nodesepend=\dimen142
)
(/usr/share/texlive/texmf-dist/tex/latex/pgf/compatibility/pgfcomp-version-1-18
.sty
Package: pgfcomp-version-1-18 2007/07/23 v3.0.1a (rcs-revision 1.1)
)) (/usr/share/texlive/texmf-dist/tex/latex/pgf/utilities/pgffor.sty
(/usr/share/texlive/texmf-dist/tex/latex/pgf/utilities/pgfkeys.sty
(/usr/share/texlive/texmf-dist/tex/generic/pgf/utilities/pgfkeys.code.tex))
(/usr/share/texlive/texmf-dist/tex/latex/pgf/math/pgfmath.sty
(/usr/share/texlive/texmf-dist/tex/generic/pgf/math/pgfmath.code.tex))
(/usr/share/texlive/texmf-dist/tex/generic/pgf/utilities/pgffor.code.tex
Package: pgffor 2013/12/13 v3.0.1a (rcs-revision 1.25)

(/usr/share/texlive/texmf-dist/tex/generic/pgf/math/pgfmath.code.tex)
\pgffor@iter=\dimen143
\pgffor@skip=\dimen144
\pgffor@stack=\toks30
\pgffor@toks=\toks31
))
(/usr/share/texlive/texmf-dist/tex/generic/pgf/frontendlayer/tikz/tikz.code.tex
Package: tikz 2015/08/07 v3.0.1a (rcs-revision 1.151)

(/usr/share/texlive/texmf-dist/tex/generic/pgf/libraries/pgflibraryplothandlers
.code.tex
File: pgflibraryplothandlers.code.tex 2013/08/31 v3.0.1a (rcs-revision 1.20)
\pgf@plot@mark@count=\count100
\pgfplotmarksize=\dimen145
)
\tikz@lastx=\dimen146
\tikz@lasty=\dimen147
\tikz@lastxsaved=\dimen148
\tikz@lastysaved=\dimen149
\tikzleveldistance=\dimen150
\tikzsiblingdistance=\dimen151
\tikz@figbox=\box33
\tikz@figbox@bg=\box34
\tikz@tempbox=\box35
\tikz@tempbox@bg=\box36
\tikztreelevel=\count101
\tikznumberofchildren=\count102
\tikznumberofcurrentchild=\count103
\tikz@fig@count=\count104

(/usr/share/texlive/texmf-dist/tex/generic/pgf/modules/pgfmodulematrix.code.tex
File: pgfmodulematrix.code.tex 2013/09/17  (rcs-revision 1.8)
\pgfmatrixcurrentrow=\count105
\pgfmatrixcurrentcolumn=\count106
\pgf@matrix@numberofcolumns=\count107
)
\tikz@expandcount=\count108

(/usr/share/texlive/texmf-dist/tex/generic/pgf/frontendlayer/tikz/libraries/tik
zlibrarytopaths.code.tex
File: tikzlibrarytopaths.code.tex 2008/06/17 v3.0.1a (rcs-revision 1.2)
)))
(/usr/share/texlive/texmf-dist/tex/generic/pgf/frontendlayer/tikz/libraries/tik
zlibrarymatrix.code.tex
File: tikzlibrarymatrix.code.tex 2013/07/12 v3.0.1a (rcs-revision 1.4)
)
(/usr/share/texlive/texmf-dist/tex/latex/algorithmicx/algpseudocode.sty
Package: algpseudocode 

(/usr/share/texlive/texmf-dist/tex/latex/base/ifthen.sty
Package: ifthen 2014/09/29 v1.1c Standard LaTeX ifthen package (DPC)
)
(/usr/share/texlive/texmf-dist/tex/latex/algorithmicx/algorithmicx.sty
Package: algorithmicx 2005/04/27 v1.2 Algorithmicx

Document Style algorithmicx 1.2 - a greatly improved `algorithmic' style
\c@ALG@line=\count109
\c@ALG@rem=\count110
\c@ALG@nested=\count111
\ALG@tlm=\skip43
\ALG@thistlm=\skip44
\c@ALG@Lnr=\count112
\c@ALG@blocknr=\count113
\c@ALG@storecount=\count114
\c@ALG@tmpcounter=\count115
\ALG@tmplength=\skip45
)
Document Style - pseudocode environments for use with the `algorithmicx' style
) (/usr/share/texlive/texmf-dist/tex/latex/geometry/geometry.sty
Package: geometry 2010/09/12 v5.6 Page Geometry

(/usr/share/texlive/texmf-dist/tex/generic/oberdiek/ifpdf.sty
Package: ifpdf 2011/01/30 v2.3 Provides the ifpdf switch (HO)
Package ifpdf Info: pdfTeX in PDF mode is detected.
)
(/usr/share/texlive/texmf-dist/tex/generic/oberdiek/ifvtex.sty
Package: ifvtex 2010/03/01 v1.5 Detect VTeX and its facilities (HO)
Package ifvtex Info: VTeX not detected.
)
(/usr/share/texlive/texmf-dist/tex/generic/ifxetex/ifxetex.sty
Package: ifxetex 2010/09/12 v0.6 Provides ifxetex conditional
)
\Gm@cnth=\count116
\Gm@cntv=\count117
\c@Gm@tempcnt=\count118
\Gm@bindingoffset=\dimen152
\Gm@wd@mp=\dimen153
\Gm@odd@mp=\dimen154
\Gm@even@mp=\dimen155
\Gm@layoutwidth=\dimen156
\Gm@layoutheight=\dimen157
\Gm@layouthoffset=\dimen158
\Gm@layoutvoffset=\dimen159
\Gm@dimlist=\toks32
)
(/usr/share/texlive/texmf-dist/tex/latex/amsmath/amsmath.sty
Package: amsmath 2016/03/03 v2.15a AMS math features
\@mathmargin=\skip46

For additional information on amsmath, use the `?' option.
(/usr/share/texlive/texmf-dist/tex/latex/amsmath/amstext.sty
Package: amstext 2000/06/29 v2.01 AMS text

(/usr/share/texlive/texmf-dist/tex/latex/amsmath/amsgen.sty
File: amsgen.sty 1999/11/30 v2.0 generic functions
\@emptytoks=\toks33
\ex@=\dimen160
))
(/usr/share/texlive/texmf-dist/tex/latex/amsmath/amsbsy.sty
Package: amsbsy 1999/11/29 v1.2d Bold Symbols
\pmbraise@=\dimen161
)
(/usr/share/texlive/texmf-dist/tex/latex/amsmath/amsopn.sty
Package: amsopn 1999/12/14 v2.01 operator names
)
\inf@bad=\count119
LaTeX Info: Redefining \frac on input line 199.
\uproot@=\count120
\leftroot@=\count121
LaTeX Info: Redefining \overline on input line 297.
\classnum@=\count122
\DOTSCASE@=\count123
LaTeX Info: Redefining \ldots on input line 394.
LaTeX Info: Redefining \dots on input line 397.
LaTeX Info: Redefining \cdots on input line 518.
\Mathstrutbox@=\box37
\strutbox@=\box38
\big@size=\dimen162
LaTeX Font Info:    Redeclaring font encoding OML on input line 630.
LaTeX Font Info:    Redeclaring font encoding OMS on input line 631.
\macc@depth=\count124
\c@MaxMatrixCols=\count125
\dotsspace@=\muskip10
\c@parentequation=\count126
\dspbrk@lvl=\count127
\tag@help=\toks34
\row@=\count128
\column@=\count129
\maxfields@=\count130
\andhelp@=\toks35
\eqnshift@=\dimen163
\alignsep@=\dimen164
\tagshift@=\dimen165
\tagwidth@=\dimen166
\totwidth@=\dimen167
\lineht@=\dimen168
\@envbody=\toks36
\multlinegap=\skip47
\multlinetaggap=\skip48
\mathdisplay@stack=\toks37
LaTeX Info: Redefining \[ on input line 2735.
LaTeX Info: Redefining \] on input line 2736.
)
(/usr/share/texlive/texmf-dist/tex/latex/amscls/amsthm.sty
Package: amsthm 2015/03/04 v2.20.2
\thm@style=\toks38
\thm@bodyfont=\toks39
\thm@headfont=\toks40
\thm@notefont=\toks41
\thm@headpunct=\toks42
\thm@preskip=\skip49
\thm@postskip=\skip50
\thm@headsep=\skip51
\dth@everypar=\toks43
)
(/usr/share/texlive/texmf-dist/tex/latex/amsfonts/amssymb.sty
Package: amssymb 2013/01/14 v3.01 AMS font symbols

(/usr/share/texlive/texmf-dist/tex/latex/amsfonts/amsfonts.sty
Package: amsfonts 2013/01/14 v3.01 Basic AMSFonts support
\symAMSa=\mathgroup4
\symAMSb=\mathgroup5
LaTeX Font Info:    Overwriting math alphabet `\mathfrak' in version `bold'
(Font)                  U/euf/m/n --> U/euf/b/n on input line 106.
))
(/usr/share/texlive/texmf-dist/tex/latex/pdfpages/pdfpages.sty
Package: pdfpages 2015/09/18 v0.5d Insert pages of external PDF documents (AM)

(/usr/share/texlive/texmf-dist/tex/latex/tools/calc.sty
Package: calc 2014/10/28 v4.3 Infix arithmetic (KKT,FJ)
\calc@Acount=\count131
\calc@Bcount=\count132
\calc@Adimen=\dimen169
\calc@Bdimen=\dimen170
\calc@Askip=\skip52
\calc@Bskip=\skip53
LaTeX Info: Redefining \setlength on input line 80.
LaTeX Info: Redefining \addtolength on input line 81.
\calc@Ccount=\count133
\calc@Cskip=\skip54
)
(/usr/share/texlive/texmf-dist/tex/latex/eso-pic/eso-pic.sty
Package: eso-pic 2015/07/21 v2.0g eso-pic (RN)

(/usr/share/texlive/texmf-dist/tex/generic/oberdiek/atbegshi.sty
Package: atbegshi 2011/10/05 v1.16 At begin shipout hook (HO)
))
\AM@pagewidth=\dimen171
\AM@pageheight=\dimen172

(/usr/share/texlive/texmf-dist/tex/latex/pdfpages/pppdftex.def
File: pppdftex.def 2015/09/18 v0.5d Pdfpages driver for pdfTeX (AM)
)
\AM@pagebox=\box39
\AM@toc@title=\toks44
\c@AM@survey=\count134
\AM@templatesizebox=\box40
)
\c@theorem=\count135

(./MergeProblem.aux)
\openout1 = `MergeProblem.aux'.

LaTeX Font Info:    Checking defaults for OML/cmm/m/it on input line 22.
LaTeX Font Info:    ... okay on input line 22.
LaTeX Font Info:    Checking defaults for T1/cmr/m/n on input line 22.
LaTeX Font Info:    ... okay on input line 22.
LaTeX Font Info:    Checking defaults for OT1/cmr/m/n on input line 22.
LaTeX Font Info:    ... okay on input line 22.
LaTeX Font Info:    Checking defaults for OMS/cmsy/m/n on input line 22.
LaTeX Font Info:    ... okay on input line 22.
LaTeX Font Info:    Checking defaults for OMX/cmex/m/n on input line 22.
LaTeX Font Info:    ... okay on input line 22.
LaTeX Font Info:    Checking defaults for U/cmr/m/n on input line 22.
LaTeX Font Info:    ... okay on input line 22.
 (/usr/share/texlive/texmf-dist/tex/latex/ucs/ucsencs.def
File: ucsencs.def 2011/01/21 Fixes to fontencodings LGR, T3
)
ABD: EveryShipout initializing macros
(/usr/share/texlive/texmf-dist/tex/context/base/supp-pdf.mkii
[Loading MPS to PDF converter (version 2006.09.02).]
\scratchcounter=\count136
\scratchdimen=\dimen173
\scratchbox=\box41
\nofMPsegments=\count137
\nofMParguments=\count138
\everyMPshowfont=\toks45
\MPscratchCnt=\count139
\MPscratchDim=\dimen174
\MPnumerator=\count140
\makeMPintoPDFobject=\count141
\everyMPtoPDFconversion=\toks46
) (/usr/share/texlive/texmf-dist/tex/generic/oberdiek/pdftexcmds.sty
Package: pdftexcmds 2011/11/29 v0.20 Utility functions of pdfTeX for LuaTeX (HO
)

(/usr/share/texlive/texmf-dist/tex/generic/oberdiek/ifluatex.sty
Package: ifluatex 2010/03/01 v1.3 Provides the ifluatex switch (HO)
Package ifluatex Info: LuaTeX not detected.
)
Package pdftexcmds Info: LuaTeX not detected.
Package pdftexcmds Info: \pdf@primitive is available.
Package pdftexcmds Info: \pdf@ifprimitive is available.
Package pdftexcmds Info: \pdfdraftmode found.
)
(/usr/share/texlive/texmf-dist/tex/latex/oberdiek/epstopdf-base.sty
Package: epstopdf-base 2010/02/09 v2.5 Base part for package epstopdf

(/usr/share/texlive/texmf-dist/tex/latex/oberdiek/grfext.sty
Package: grfext 2010/08/19 v1.1 Manage graphics extensions (HO)

(/usr/share/texlive/texmf-dist/tex/generic/oberdiek/kvdefinekeys.sty
Package: kvdefinekeys 2011/04/07 v1.3 Define keys (HO)
))
(/usr/share/texlive/texmf-dist/tex/latex/oberdiek/kvoptions.sty
Package: kvoptions 2011/06/30 v3.11 Key value format for package options (HO)

(/usr/share/texlive/texmf-dist/tex/generic/oberdiek/kvsetkeys.sty
Package: kvsetkeys 2012/04/25 v1.16 Key value parser (HO)

(/usr/share/texlive/texmf-dist/tex/generic/oberdiek/etexcmds.sty
Package: etexcmds 2011/02/16 v1.5 Avoid name clashes with e-TeX commands (HO)
Package etexcmds Info: Could not find \expanded.
(etexcmds)             That can mean that you are not using pdfTeX 1.50 or
(etexcmds)             that some package has redefined \expanded.
(etexcmds)             In the latter case, load this package earlier.
)))
Package grfext Info: Graphics extension search list:
(grfext)             [.png,.pdf,.jpg,.mps,.jpeg,.jbig2,.jb2,.PNG,.PDF,.JPG,.JPE
G,.JBIG2,.JB2,.eps]
(grfext)             \AppendGraphicsExtensions on input line 452.

(/usr/share/texlive/texmf-dist/tex/latex/latexconfig/epstopdf-sys.cfg
File: epstopdf-sys.cfg 2010/07/13 v1.3 Configuration of (r)epstopdf for TeX Liv
e
))
*geometry* driver: auto-detecting
*geometry* detected driver: pdftex
*geometry* verbose mode - [ preamble ] result:
* driver: pdftex
* paper: a4paper
* layout: <same size as paper>
* layoutoffset:(h,v)=(0.0pt,0.0pt)
* modes: 
* h-part:(L,W,R)=(85.35826pt, 426.79135pt, 85.35826pt)
* v-part:(T,H,B)=(85.35826pt, 702.78308pt, 56.9055pt)
* \paperwidth=597.50787pt
* \paperheight=845.04684pt
* \textwidth=426.79135pt
* \textheight=702.78308pt
* \oddsidemargin=13.08827pt
* \evensidemargin=13.08827pt
* \topmargin=-23.91173pt
* \headheight=12.0pt
* \headsep=25.0pt
* \topskip=10.0pt
* \footskip=30.0pt
* \marginparwidth=49.79231pt
* \marginparsep=11.0pt
* \columnsep=10.0pt
* \skip\footins=9.0pt plus 4.0pt minus 2.0pt
* \hoffset=0.0pt
* \voffset=0.0pt
* \mag=1000
* \@twocolumnfalse
* \@twosidefalse
* \@mparswitchfalse
* \@reversemarginfalse
* (1in=72.27pt=25.4mm, 1cm=28.453pt)

\AtBeginShipoutBox=\box42
(/usr/share/texlive/texmf-dist/tex/latex/oberdiek/pdflscape.sty
Package: pdflscape 2008/08/11 v0.10 Display of landscape pages in PDF (HO)

(/usr/share/texlive/texmf-dist/tex/latex/graphics/lscape.sty
Package: lscape 2000/10/22 v3.01 Landscape Pages (DPC)
)
Package pdflscape Info: Auto-detected driver: pdftex on input line 80.
)
<../EX01/Problem1_SOLUTION.pdf, id=4, 597.50829pt x 845.0471pt>
File: ../EX01/Problem1_SOLUTION.pdf Graphic file (type pdf)

<use ../EX01/Problem1_SOLUTION.pdf>
Package pdftex.def Info: ../EX01/Problem1_SOLUTION.pdf used on input line 23.
(pdftex.def)             Requested size: 597.50682pt x 845.04504pt.
File: ../EX01/Problem1_SOLUTION.pdf Graphic file (type pdf)
 <use ../EX01/Problem1_SOLUTION.pdf>
Package pdftex.def Info: ../EX01/Problem1_SOLUTION.pdf used on input line 23.
(pdftex.def)             Requested size: 597.50682pt x 845.04504pt.
File: ../EX01/Problem1_SOLUTION.pdf Graphic file (type pdf)

<use ../EX01/Problem1_SOLUTION.pdf>
Package pdftex.def Info: ../EX01/Problem1_SOLUTION.pdf used on input line 23.
(pdftex.def)             Requested size: 597.50682pt x 845.04504pt.
File: ../EX01/Problem1_SOLUTION.pdf Graphic file (type pdf)
 <use ../EX01/Problem1_SOLUTION.pdf>
Package pdftex.def Info: ../EX01/Problem1_SOLUTION.pdf used on input line 23.
(pdftex.def)             Requested size: 597.50682pt x 845.04504pt.
File: ../EX01/Problem1_SOLUTION.pdf Graphic file (type pdf)

<use ../EX01/Problem1_SOLUTION.pdf>
Package pdftex.def Info: ../EX01/Problem1_SOLUTION.pdf used on input line 23.
(pdftex.def)             Requested size: 597.50682pt x 845.04504pt.

<../EX01/Problem1_SOLUTION.pdf, id=10, page=1, 597.50829pt x 845.0471pt>
File: ../EX01/Problem1_SOLUTION.pdf Graphic file (type pdf)

<use ../EX01/Problem1_SOLUTION.pdf, page 1>
Package pdftex.def Info: ../EX01/Problem1_SOLUTION.pdf, page1 used on input lin
e 23.
(pdftex.def)             Requested size: 597.50682pt x 845.04504pt.
File: ../EX01/Problem1_SOLUTION.pdf Graphic file (type pdf)

<use ../EX01/Problem1_SOLUTION.pdf, page 1>
Package pdftex.def Info: ../EX01/Problem1_SOLUTION.pdf, page1 used on input lin
e 23.
(pdftex.def)             Requested size: 597.53416pt x 845.08372pt.
File: ../EX01/Problem1_SOLUTION.pdf Graphic file (type pdf)

<use ../EX01/Problem1_SOLUTION.pdf, page 1>
Package pdftex.def Info: ../EX01/Problem1_SOLUTION.pdf, page1 used on input lin
e 23.
(pdftex.def)             Requested size: 597.53416pt x 845.08372pt.
File: ../EX01/Problem1_SOLUTION.pdf Graphic file (type pdf)

<use ../EX01/Problem1_SOLUTION.pdf, page 1>
Package pdftex.def Info: ../EX01/Problem1_SOLUTION.pdf, page1 used on input lin
e 23.
(pdftex.def)             Requested size: 597.53416pt x 845.08372pt.
File: ../EX01/Problem1_SOLUTION.pdf Graphic file (type pdf)

<use ../EX01/Problem1_SOLUTION.pdf, page 1>
Package pdftex.def Info: ../EX01/Problem1_SOLUTION.pdf, page1 used on input lin
e 23.
(pdftex.def)             Requested size: 597.53416pt x 845.08372pt.
 [1

 <../EX01/Problem1_SOLUTION.pdf{/var/lib/texmf/fonts/map/pdftex/updmap/pdftex.m
ap}>]
<../EX01/Problem1_SOLUTION.pdf, id=70, page=2, 597.50829pt x 845.0471pt>
File: ../EX01/Problem1_SOLUTION.pdf Graphic file (type pdf)

<use ../EX01/Problem1_SOLUTION.pdf, page 2>
Package pdftex.def Info: ../EX01/Problem1_SOLUTION.pdf, page2 used on input lin
e 23.
(pdftex.def)             Requested size: 597.53416pt x 845.08372pt.
File: ../EX01/Problem1_SOLUTION.pdf Graphic file (type pdf)

<use ../EX01/Problem1_SOLUTION.pdf, page 2>
Package pdftex.def Info: ../EX01/Problem1_SOLUTION.pdf, page2 used on input lin
e 23.
(pdftex.def)             Requested size: 597.53416pt x 845.08372pt.
File: ../EX01/Problem1_SOLUTION.pdf Graphic file (type pdf)

<use ../EX01/Problem1_SOLUTION.pdf, page 2>
Package pdftex.def Info: ../EX01/Problem1_SOLUTION.pdf, page2 used on input lin
e 23.
(pdftex.def)             Requested size: 597.53416pt x 845.08372pt.
 [2 <../EX01/Problem1_SOLUTION.pdf>] <../EX01/Problem1_SOLUTION.pdf, id=74, pag
e=3, 597.50829pt x 845.0471pt>
File: ../EX01/Problem1_SOLUTION.pdf Graphic file (type pdf)

<use ../EX01/Problem1_SOLUTION.pdf, page 3>
Package pdftex.def Info: ../EX01/Problem1_SOLUTION.pdf, page3 used on input lin
e 23.
(pdftex.def)             Requested size: 597.53416pt x 845.08372pt.
File: ../EX01/Problem1_SOLUTION.pdf Graphic file (type pdf)

<use ../EX01/Problem1_SOLUTION.pdf, page 3>
Package pdftex.def Info: ../EX01/Problem1_SOLUTION.pdf, page3 used on input lin
e 23.
(pdftex.def)             Requested size: 597.53416pt x 845.08372pt.
File: ../EX01/Problem1_SOLUTION.pdf Graphic file (type pdf)

<use ../EX01/Problem1_SOLUTION.pdf, page 3>
Package pdftex.def Info: ../EX01/Problem1_SOLUTION.pdf, page3 used on input lin
e 23.
(pdftex.def)             Requested size: 597.53416pt x 845.08372pt.
 [3 <../EX01/Problem1_SOLUTION.pdf>] <../EX01/Problem1_SOLUTION.pdf, id=83, pag
e=4, 597.50829pt x 845.0471pt>
File: ../EX01/Problem1_SOLUTION.pdf Graphic file (type pdf)

<use ../EX01/Problem1_SOLUTION.pdf, page 4>
Package pdftex.def Info: ../EX01/Problem1_SOLUTION.pdf, page4 used on input lin
e 23.
(pdftex.def)             Requested size: 597.53416pt x 845.08372pt.
File: ../EX01/Problem1_SOLUTION.pdf Graphic file (type pdf)

<use ../EX01/Problem1_SOLUTION.pdf, page 4>
Package pdftex.def Info: ../EX01/Problem1_SOLUTION.pdf, page4 used on input lin
e 23.
(pdftex.def)             Requested size: 597.53416pt x 845.08372pt.
File: ../EX01/Problem1_SOLUTION.pdf Graphic file (type pdf)

<use ../EX01/Problem1_SOLUTION.pdf, page 4>
Package pdftex.def Info: ../EX01/Problem1_SOLUTION.pdf, page4 used on input lin
e 23.
(pdftex.def)             Requested size: 597.53416pt x 845.08372pt.
 [4 <../EX01/Problem1_SOLUTION.pdf>] <../EX02/Problem2_SOLUTION.pdf, id=87, 597
.50829pt x 845.0471pt>
File: ../EX02/Problem2_SOLUTION.pdf Graphic file (type pdf)

<use ../EX02/Problem2_SOLUTION.pdf>
Package pdftex.def Info: ../EX02/Problem2_SOLUTION.pdf used on input line 24.
(pdftex.def)             Requested size: 597.50682pt x 845.04504pt.
File: ../EX02/Problem2_SOLUTION.pdf Graphic file (type pdf)
 <use ../EX02/Problem2_SOLUTION.pdf>
Package pdftex.def Info: ../EX02/Problem2_SOLUTION.pdf used on input line 24.
(pdftex.def)             Requested size: 597.50682pt x 845.04504pt.
File: ../EX02/Problem2_SOLUTION.pdf Graphic file (type pdf)

<use ../EX02/Problem2_SOLUTION.pdf>
Package pdftex.def Info: ../EX02/Problem2_SOLUTION.pdf used on input line 24.
(pdftex.def)             Requested size: 597.50682pt x 845.04504pt.

<../EX02/Problem2_SOLUTION.pdf, id=91, page=1, 597.50829pt x 845.0471pt>
File: ../EX02/Problem2_SOLUTION.pdf Graphic file (type pdf)

<use ../EX02/Problem2_SOLUTION.pdf, page 1>
Package pdftex.def Info: ../EX02/Problem2_SOLUTION.pdf, page1 used on input lin
e 24.
(pdftex.def)             Requested size: 597.50682pt x 845.04504pt.
File: ../EX02/Problem2_SOLUTION.pdf Graphic file (type pdf)

<use ../EX02/Problem2_SOLUTION.pdf, page 1>
Package pdftex.def Info: ../EX02/Problem2_SOLUTION.pdf, page1 used on input lin
e 24.
(pdftex.def)             Requested size: 597.53416pt x 845.08372pt.
File: ../EX02/Problem2_SOLUTION.pdf Graphic file (type pdf)

<use ../EX02/Problem2_SOLUTION.pdf, page 1>
Package pdftex.def Info: ../EX02/Problem2_SOLUTION.pdf, page1 used on input lin
e 24.
(pdftex.def)             Requested size: 597.53416pt x 845.08372pt.
File: ../EX02/Problem2_SOLUTION.pdf Graphic file (type pdf)

<use ../EX02/Problem2_SOLUTION.pdf, page 1>
Package pdftex.def Info: ../EX02/Problem2_SOLUTION.pdf, page1 used on input lin
e 24.
(pdftex.def)             Requested size: 597.53416pt x 845.08372pt.
File: ../EX02/Problem2_SOLUTION.pdf Graphic file (type pdf)

<use ../EX02/Problem2_SOLUTION.pdf, page 1>
Package pdftex.def Info: ../EX02/Problem2_SOLUTION.pdf, page1 used on input lin
e 24.
(pdftex.def)             Requested size: 597.53416pt x 845.08372pt.
 [5 <../EX02/Problem2_SOLUTION.pdf>] <../EX02/Problem2_SOLUTION.pdf, id=123, pa
ge=2, 597.50829pt x 845.0471pt>
File: ../EX02/Problem2_SOLUTION.pdf Graphic file (type pdf)

<use ../EX02/Problem2_SOLUTION.pdf, page 2>
Package pdftex.def Info: ../EX02/Problem2_SOLUTION.pdf, page2 used on input lin
e 24.
(pdftex.def)             Requested size: 597.53416pt x 845.08372pt.
File: ../EX02/Problem2_SOLUTION.pdf Graphic file (type pdf)

<use ../EX02/Problem2_SOLUTION.pdf, page 2>
Package pdftex.def Info: ../EX02/Problem2_SOLUTION.pdf, page2 used on input lin
e 24.
(pdftex.def)             Requested size: 597.53416pt x 845.08372pt.
File: ../EX02/Problem2_SOLUTION.pdf Graphic file (type pdf)

<use ../EX02/Problem2_SOLUTION.pdf, page 2>
Package pdftex.def Info: ../EX02/Problem2_SOLUTION.pdf, page2 used on input lin
e 24.
(pdftex.def)             Requested size: 597.53416pt x 845.08372pt.
 [6 <../EX02/Problem2_SOLUTION.pdf>] <../EX03/Problem3_SOLUTION.pdf, id=143, 59
7.50829pt x 845.0471pt>
File: ../EX03/Problem3_SOLUTION.pdf Graphic file (type pdf)

<use ../EX03/Problem3_SOLUTION.pdf>
Package pdftex.def Info: ../EX03/Problem3_SOLUTION.pdf used on input line 25.
(pdftex.def)             Requested size: 597.50682pt x 845.04504pt.
File: ../EX03/Problem3_SOLUTION.pdf Graphic file (type pdf)
 <use ../EX03/Problem3_SOLUTION.pdf>
Package pdftex.def Info: ../EX03/Problem3_SOLUTION.pdf used on input line 25.
(pdftex.def)             Requested size: 597.50682pt x 845.04504pt.
File: ../EX03/Problem3_SOLUTION.pdf Graphic file (type pdf)

<use ../EX03/Problem3_SOLUTION.pdf>
Package pdftex.def Info: ../EX03/Problem3_SOLUTION.pdf used on input line 25.
(pdftex.def)             Requested size: 597.50682pt x 845.04504pt.
File: ../EX03/Problem3_SOLUTION.pdf Graphic file (type pdf)
 <use ../EX03/Problem3_SOLUTION.pdf>
Package pdftex.def Info: ../EX03/Problem3_SOLUTION.pdf used on input line 25.
(pdftex.def)             Requested size: 597.50682pt x 845.04504pt.

<../EX03/Problem3_SOLUTION.pdf, id=148, page=1, 597.50829pt x 845.0471pt>
File: ../EX03/Problem3_SOLUTION.pdf Graphic file (type pdf)

<use ../EX03/Problem3_SOLUTION.pdf, page 1>
Package pdftex.def Info: ../EX03/Problem3_SOLUTION.pdf, page1 used on input lin
e 25.
(pdftex.def)             Requested size: 597.50682pt x 845.04504pt.
File: ../EX03/Problem3_SOLUTION.pdf Graphic file (type pdf)

<use ../EX03/Problem3_SOLUTION.pdf, page 1>
Package pdftex.def Info: ../EX03/Problem3_SOLUTION.pdf, page1 used on input lin
e 25.
(pdftex.def)             Requested size: 597.53416pt x 845.08372pt.
File: ../EX03/Problem3_SOLUTION.pdf Graphic file (type pdf)

<use ../EX03/Problem3_SOLUTION.pdf, page 1>
Package pdftex.def Info: ../EX03/Problem3_SOLUTION.pdf, page1 used on input lin
e 25.
(pdftex.def)             Requested size: 597.53416pt x 845.08372pt.
File: ../EX03/Problem3_SOLUTION.pdf Graphic file (type pdf)

<use ../EX03/Problem3_SOLUTION.pdf, page 1>
Package pdftex.def Info: ../EX03/Problem3_SOLUTION.pdf, page1 used on input lin
e 25.
(pdftex.def)             Requested size: 597.53416pt x 845.08372pt.
File: ../EX03/Problem3_SOLUTION.pdf Graphic file (type pdf)

<use ../EX03/Problem3_SOLUTION.pdf, page 1>
Package pdftex.def Info: ../EX03/Problem3_SOLUTION.pdf, page1 used on input lin
e 25.
(pdftex.def)             Requested size: 597.53416pt x 845.08372pt.
 [7 <../EX03/Problem3_SOLUTION.pdf>] <../EX03/Problem3_SOLUTION.pdf, id=176, pa
ge=2, 597.50829pt x 845.0471pt>
File: ../EX03/Problem3_SOLUTION.pdf Graphic file (type pdf)

<use ../EX03/Problem3_SOLUTION.pdf, page 2>
Package pdftex.def Info: ../EX03/Problem3_SOLUTION.pdf, page2 used on input lin
e 25.
(pdftex.def)             Requested size: 597.53416pt x 845.08372pt.
File: ../EX03/Problem3_SOLUTION.pdf Graphic file (type pdf)

<use ../EX03/Problem3_SOLUTION.pdf, page 2>
Package pdftex.def Info: ../EX03/Problem3_SOLUTION.pdf, page2 used on input lin
e 25.
(pdftex.def)             Requested size: 597.53416pt x 845.08372pt.
File: ../EX03/Problem3_SOLUTION.pdf Graphic file (type pdf)

<use ../EX03/Problem3_SOLUTION.pdf, page 2>
Package pdftex.def Info: ../EX03/Problem3_SOLUTION.pdf, page2 used on input lin
e 25.
(pdftex.def)             Requested size: 597.53416pt x 845.08372pt.
 [8 <../EX03/Problem3_SOLUTION.pdf>] <../EX03/Problem3_SOLUTION.pdf, id=192, pa
ge=3, 597.50829pt x 845.0471pt>
File: ../EX03/Problem3_SOLUTION.pdf Graphic file (type pdf)

<use ../EX03/Problem3_SOLUTION.pdf, page 3>
Package pdftex.def Info: ../EX03/Problem3_SOLUTION.pdf, page3 used on input lin
e 25.
(pdftex.def)             Requested size: 597.53416pt x 845.08372pt.
File: ../EX03/Problem3_SOLUTION.pdf Graphic file (type pdf)

<use ../EX03/Problem3_SOLUTION.pdf, page 3>
Package pdftex.def Info: ../EX03/Problem3_SOLUTION.pdf, page3 used on input lin
e 25.
(pdftex.def)             Requested size: 597.53416pt x 845.08372pt.
File: ../EX03/Problem3_SOLUTION.pdf Graphic file (type pdf)

<use ../EX03/Problem3_SOLUTION.pdf, page 3>
Package pdftex.def Info: ../EX03/Problem3_SOLUTION.pdf, page3 used on input lin
e 25.
(pdftex.def)             Requested size: 597.53416pt x 845.08372pt.
 [9 <../EX03/Problem3_SOLUTION.pdf>] <../EX04/Problem4_SOLUTION.pdf, id=196, 59
7.50829pt x 845.0471pt>
File: ../EX04/Problem4_SOLUTION.pdf Graphic file (type pdf)

<use ../EX04/Problem4_SOLUTION.pdf>
Package pdftex.def Info: ../EX04/Problem4_SOLUTION.pdf used on input line 26.
(pdftex.def)             Requested size: 597.50682pt x 845.04504pt.
File: ../EX04/Problem4_SOLUTION.pdf Graphic file (type pdf)
 <use ../EX04/Problem4_SOLUTION.pdf>
Package pdftex.def Info: ../EX04/Problem4_SOLUTION.pdf used on input line 26.
(pdftex.def)             Requested size: 597.50682pt x 845.04504pt.

<../EX04/Problem4_SOLUTION.pdf, id=199, page=1, 597.50829pt x 845.0471pt>
File: ../EX04/Problem4_SOLUTION.pdf Graphic file (type pdf)

<use ../EX04/Problem4_SOLUTION.pdf, page 1>
Package pdftex.def Info: ../EX04/Problem4_SOLUTION.pdf, page1 used on input lin
e 26.
(pdftex.def)             Requested size: 597.50682pt x 845.04504pt.
File: ../EX04/Problem4_SOLUTION.pdf Graphic file (type pdf)

<use ../EX04/Problem4_SOLUTION.pdf, page 1>
Package pdftex.def Info: ../EX04/Problem4_SOLUTION.pdf, page1 used on input lin
e 26.
(pdftex.def)             Requested size: 597.53416pt x 845.08372pt.
File: ../EX04/Problem4_SOLUTION.pdf Graphic file (type pdf)

<use ../EX04/Problem4_SOLUTION.pdf, page 1>
Package pdftex.def Info: ../EX04/Problem4_SOLUTION.pdf, page1 used on input lin
e 26.
(pdftex.def)             Requested size: 597.53416pt x 845.08372pt.
File: ../EX04/Problem4_SOLUTION.pdf Graphic file (type pdf)

<use ../EX04/Problem4_SOLUTION.pdf, page 1>
Package pdftex.def Info: ../EX04/Problem4_SOLUTION.pdf, page1 used on input lin
e 26.
(pdftex.def)             Requested size: 597.53416pt x 845.08372pt.
File: ../EX04/Problem4_SOLUTION.pdf Graphic file (type pdf)

<use ../EX04/Problem4_SOLUTION.pdf, page 1>
Package pdftex.def Info: ../EX04/Problem4_SOLUTION.pdf, page1 used on input lin
e 26.
(pdftex.def)             Requested size: 597.53416pt x 845.08372pt.
 [10 <../EX04/Problem4_SOLUTION.pdf>] <../EX05/Problem5_SOLUTION.pdf, id=234, 5
97.50829pt x 845.0471pt>
File: ../EX05/Problem5_SOLUTION.pdf Graphic file (type pdf)

<use ../EX05/Problem5_SOLUTION.pdf>
Package pdftex.def Info: ../EX05/Problem5_SOLUTION.pdf used on input line 27.
(pdftex.def)             Requested size: 597.50682pt x 845.04504pt.
File: ../EX05/Problem5_SOLUTION.pdf Graphic file (type pdf)
 <use ../EX05/Problem5_SOLUTION.pdf>
Package pdftex.def Info: ../EX05/Problem5_SOLUTION.pdf used on input line 27.
(pdftex.def)             Requested size: 597.50682pt x 845.04504pt.

<../EX05/Problem5_SOLUTION.pdf, id=237, page=1, 597.50829pt x 845.0471pt>
File: ../EX05/Problem5_SOLUTION.pdf Graphic file (type pdf)

<use ../EX05/Problem5_SOLUTION.pdf, page 1>
Package pdftex.def Info: ../EX05/Problem5_SOLUTION.pdf, page1 used on input lin
e 27.
(pdftex.def)             Requested size: 597.50682pt x 845.04504pt.
File: ../EX05/Problem5_SOLUTION.pdf Graphic file (type pdf)

<use ../EX05/Problem5_SOLUTION.pdf, page 1>
Package pdftex.def Info: ../EX05/Problem5_SOLUTION.pdf, page1 used on input lin
e 27.
(pdftex.def)             Requested size: 597.53416pt x 845.08372pt.
File: ../EX05/Problem5_SOLUTION.pdf Graphic file (type pdf)

<use ../EX05/Problem5_SOLUTION.pdf, page 1>
Package pdftex.def Info: ../EX05/Problem5_SOLUTION.pdf, page1 used on input lin
e 27.
(pdftex.def)             Requested size: 597.53416pt x 845.08372pt.
File: ../EX05/Problem5_SOLUTION.pdf Graphic file (type pdf)

<use ../EX05/Problem5_SOLUTION.pdf, page 1>
Package pdftex.def Info: ../EX05/Problem5_SOLUTION.pdf, page1 used on input lin
e 27.
(pdftex.def)             Requested size: 597.53416pt x 845.08372pt.
File: ../EX05/Problem5_SOLUTION.pdf Graphic file (type pdf)

<use ../EX05/Problem5_SOLUTION.pdf, page 1>
Package pdftex.def Info: ../EX05/Problem5_SOLUTION.pdf, page1 used on input lin
e 27.
(pdftex.def)             Requested size: 597.53416pt x 845.08372pt.
 [11 <../EX05/Problem5_SOLUTION.pdf>] <../EX06/Problem6_SOLUTION.pdf, id=277, 5
97.50829pt x 845.0471pt>
File: ../EX06/Problem6_SOLUTION.pdf Graphic file (type pdf)

<use ../EX06/Problem6_SOLUTION.pdf>
Package pdftex.def Info: ../EX06/Problem6_SOLUTION.pdf used on input line 28.
(pdftex.def)             Requested size: 597.50682pt x 845.04504pt.
File: ../EX06/Problem6_SOLUTION.pdf Graphic file (type pdf)
 <use ../EX06/Problem6_SOLUTION.pdf>
Package pdftex.def Info: ../EX06/Problem6_SOLUTION.pdf used on input line 28.
(pdftex.def)             Requested size: 597.50682pt x 845.04504pt.

<../EX06/Problem6_SOLUTION.pdf, id=280, page=1, 597.50829pt x 845.0471pt>
File: ../EX06/Problem6_SOLUTION.pdf Graphic file (type pdf)

<use ../EX06/Problem6_SOLUTION.pdf, page 1>
Package pdftex.def Info: ../EX06/Problem6_SOLUTION.pdf, page1 used on input lin
e 28.
(pdftex.def)             Requested size: 597.50682pt x 845.04504pt.
File: ../EX06/Problem6_SOLUTION.pdf Graphic file (type pdf)

<use ../EX06/Problem6_SOLUTION.pdf, page 1>
Package pdftex.def Info: ../EX06/Problem6_SOLUTION.pdf, page1 used on input lin
e 28.
(pdftex.def)             Requested size: 597.53416pt x 845.08372pt.
File: ../EX06/Problem6_SOLUTION.pdf Graphic file (type pdf)

<use ../EX06/Problem6_SOLUTION.pdf, page 1>
Package pdftex.def Info: ../EX06/Problem6_SOLUTION.pdf, page1 used on input lin
e 28.
(pdftex.def)             Requested size: 597.53416pt x 845.08372pt.
File: ../EX06/Problem6_SOLUTION.pdf Graphic file (type pdf)

<use ../EX06/Problem6_SOLUTION.pdf, page 1>
Package pdftex.def Info: ../EX06/Problem6_SOLUTION.pdf, page1 used on input lin
e 28.
(pdftex.def)             Requested size: 597.53416pt x 845.08372pt.
File: ../EX06/Problem6_SOLUTION.pdf Graphic file (type pdf)

<use ../EX06/Problem6_SOLUTION.pdf, page 1>
Package pdftex.def Info: ../EX06/Problem6_SOLUTION.pdf, page1 used on input lin
e 28.
(pdftex.def)             Requested size: 597.53416pt x 845.08372pt.
 [12 <../EX06/Problem6_SOLUTION.pdf>] <../EX07/Problem7_SOLUTION.pdf, id=320, 5
97.50829pt x 845.0471pt>
File: ../EX07/Problem7_SOLUTION.pdf Graphic file (type pdf)

<use ../EX07/Problem7_SOLUTION.pdf>
Package pdftex.def Info: ../EX07/Problem7_SOLUTION.pdf used on input line 29.
(pdftex.def)             Requested size: 597.50682pt x 845.04504pt.
File: ../EX07/Problem7_SOLUTION.pdf Graphic file (type pdf)
 <use ../EX07/Problem7_SOLUTION.pdf>
Package pdftex.def Info: ../EX07/Problem7_SOLUTION.pdf used on input line 29.
(pdftex.def)             Requested size: 597.50682pt x 845.04504pt.

<../EX07/Problem7_SOLUTION.pdf, id=323, page=1, 597.50829pt x 845.0471pt>
File: ../EX07/Problem7_SOLUTION.pdf Graphic file (type pdf)

<use ../EX07/Problem7_SOLUTION.pdf, page 1>
Package pdftex.def Info: ../EX07/Problem7_SOLUTION.pdf, page1 used on input lin
e 29.
(pdftex.def)             Requested size: 597.50682pt x 845.04504pt.
File: ../EX07/Problem7_SOLUTION.pdf Graphic file (type pdf)

<use ../EX07/Problem7_SOLUTION.pdf, page 1>
Package pdftex.def Info: ../EX07/Problem7_SOLUTION.pdf, page1 used on input lin
e 29.
(pdftex.def)             Requested size: 597.53416pt x 845.08372pt.
File: ../EX07/Problem7_SOLUTION.pdf Graphic file (type pdf)

<use ../EX07/Problem7_SOLUTION.pdf, page 1>
Package pdftex.def Info: ../EX07/Problem7_SOLUTION.pdf, page1 used on input lin
e 29.
(pdftex.def)             Requested size: 597.53416pt x 845.08372pt.
File: ../EX07/Problem7_SOLUTION.pdf Graphic file (type pdf)

<use ../EX07/Problem7_SOLUTION.pdf, page 1>
Package pdftex.def Info: ../EX07/Problem7_SOLUTION.pdf, page1 used on input lin
e 29.
(pdftex.def)             Requested size: 597.53416pt x 845.08372pt.
File: ../EX07/Problem7_SOLUTION.pdf Graphic file (type pdf)

<use ../EX07/Problem7_SOLUTION.pdf, page 1>
Package pdftex.def Info: ../EX07/Problem7_SOLUTION.pdf, page1 used on input lin
e 29.
(pdftex.def)             Requested size: 597.53416pt x 845.08372pt.
 [13 <../EX07/Problem7_SOLUTION.pdf>] <../EX08/Problem8_SOLUTION.pdf, id=361, 5
97.50829pt x 845.0471pt>
File: ../EX08/Problem8_SOLUTION.pdf Graphic file (type pdf)

<use ../EX08/Problem8_SOLUTION.pdf>
Package pdftex.def Info: ../EX08/Problem8_SOLUTION.pdf used on input line 30.
(pdftex.def)             Requested size: 597.50682pt x 845.04504pt.
File: ../EX08/Problem8_SOLUTION.pdf Graphic file (type pdf)
 <use ../EX08/Problem8_SOLUTION.pdf>
Package pdftex.def Info: ../EX08/Problem8_SOLUTION.pdf used on input line 30.
(pdftex.def)             Requested size: 597.50682pt x 845.04504pt.

<../EX08/Problem8_SOLUTION.pdf, id=364, page=1, 597.50829pt x 845.0471pt>
File: ../EX08/Problem8_SOLUTION.pdf Graphic file (type pdf)

<use ../EX08/Problem8_SOLUTION.pdf, page 1>
Package pdftex.def Info: ../EX08/Problem8_SOLUTION.pdf, page1 used on input lin
e 30.
(pdftex.def)             Requested size: 597.50682pt x 845.04504pt.
File: ../EX08/Problem8_SOLUTION.pdf Graphic file (type pdf)

<use ../EX08/Problem8_SOLUTION.pdf, page 1>
Package pdftex.def Info: ../EX08/Problem8_SOLUTION.pdf, page1 used on input lin
e 30.
(pdftex.def)             Requested size: 597.53416pt x 845.08372pt.
File: ../EX08/Problem8_SOLUTION.pdf Graphic file (type pdf)

<use ../EX08/Problem8_SOLUTION.pdf, page 1>
Package pdftex.def Info: ../EX08/Problem8_SOLUTION.pdf, page1 used on input lin
e 30.
(pdftex.def)             Requested size: 597.53416pt x 845.08372pt.
File: ../EX08/Problem8_SOLUTION.pdf Graphic file (type pdf)

<use ../EX08/Problem8_SOLUTION.pdf, page 1>
Package pdftex.def Info: ../EX08/Problem8_SOLUTION.pdf, page1 used on input lin
e 30.
(pdftex.def)             Requested size: 597.53416pt x 845.08372pt.
File: ../EX08/Problem8_SOLUTION.pdf Graphic file (type pdf)

<use ../EX08/Problem8_SOLUTION.pdf, page 1>
Package pdftex.def Info: ../EX08/Problem8_SOLUTION.pdf, page1 used on input lin
e 30.
(pdftex.def)             Requested size: 597.53416pt x 845.08372pt.
 [14 <../EX08/Problem8_SOLUTION.pdf>] <../EX09/Problem9_SOLUTION.pdf, id=402, 5
97.50829pt x 845.0471pt>
File: ../EX09/Problem9_SOLUTION.pdf Graphic file (type pdf)

<use ../EX09/Problem9_SOLUTION.pdf>
Package pdftex.def Info: ../EX09/Problem9_SOLUTION.pdf used on input line 31.
(pdftex.def)             Requested size: 597.50682pt x 845.04504pt.
File: ../EX09/Problem9_SOLUTION.pdf Graphic file (type pdf)
 <use ../EX09/Problem9_SOLUTION.pdf>
Package pdftex.def Info: ../EX09/Problem9_SOLUTION.pdf used on input line 31.
(pdftex.def)             Requested size: 597.50682pt x 845.04504pt.
File: ../EX09/Problem9_SOLUTION.pdf Graphic file (type pdf)

<use ../EX09/Problem9_SOLUTION.pdf>
Package pdftex.def Info: ../EX09/Problem9_SOLUTION.pdf used on input line 31.
(pdftex.def)             Requested size: 597.50682pt x 845.04504pt.

<../EX09/Problem9_SOLUTION.pdf, id=406, page=1, 597.50829pt x 845.0471pt>
File: ../EX09/Problem9_SOLUTION.pdf Graphic file (type pdf)

<use ../EX09/Problem9_SOLUTION.pdf, page 1>
Package pdftex.def Info: ../EX09/Problem9_SOLUTION.pdf, page1 used on input lin
e 31.
(pdftex.def)             Requested size: 597.50682pt x 845.04504pt.
File: ../EX09/Problem9_SOLUTION.pdf Graphic file (type pdf)

<use ../EX09/Problem9_SOLUTION.pdf, page 1>
Package pdftex.def Info: ../EX09/Problem9_SOLUTION.pdf, page1 used on input lin
e 31.
(pdftex.def)             Requested size: 597.53416pt x 845.08372pt.
File: ../EX09/Problem9_SOLUTION.pdf Graphic file (type pdf)

<use ../EX09/Problem9_SOLUTION.pdf, page 1>
Package pdftex.def Info: ../EX09/Problem9_SOLUTION.pdf, page1 used on input lin
e 31.
(pdftex.def)             Requested size: 597.53416pt x 845.08372pt.
File: ../EX09/Problem9_SOLUTION.pdf Graphic file (type pdf)

<use ../EX09/Problem9_SOLUTION.pdf, page 1>
Package pdftex.def Info: ../EX09/Problem9_SOLUTION.pdf, page1 used on input lin
e 31.
(pdftex.def)             Requested size: 597.53416pt x 845.08372pt.
File: ../EX09/Problem9_SOLUTION.pdf Graphic file (type pdf)

<use ../EX09/Problem9_SOLUTION.pdf, page 1>
Package pdftex.def Info: ../EX09/Problem9_SOLUTION.pdf, page1 used on input lin
e 31.
(pdftex.def)             Requested size: 597.53416pt x 845.08372pt.
 [15 <../EX09/Problem9_SOLUTION.pdf>] <../EX09/Problem9_SOLUTION.pdf, id=440, p
age=2, 597.50829pt x 845.0471pt>
File: ../EX09/Problem9_SOLUTION.pdf Graphic file (type pdf)

<use ../EX09/Problem9_SOLUTION.pdf, page 2>
Package pdftex.def Info: ../EX09/Problem9_SOLUTION.pdf, page2 used on input lin
e 31.
(pdftex.def)             Requested size: 597.53416pt x 845.08372pt.
File: ../EX09/Problem9_SOLUTION.pdf Graphic file (type pdf)

<use ../EX09/Problem9_SOLUTION.pdf, page 2>
Package pdftex.def Info: ../EX09/Problem9_SOLUTION.pdf, page2 used on input lin
e 31.
(pdftex.def)             Requested size: 597.53416pt x 845.08372pt.
File: ../EX09/Problem9_SOLUTION.pdf Graphic file (type pdf)

<use ../EX09/Problem9_SOLUTION.pdf, page 2>
Package pdftex.def Info: ../EX09/Problem9_SOLUTION.pdf, page2 used on input lin
e 31.
(pdftex.def)             Requested size: 597.53416pt x 845.08372pt.
 [16 <../EX09/Problem9_SOLUTION.pdf>] <../EX10/Problem10_SOLUTION.pdf, id=470, 
597.50829pt x 845.0471pt>
File: ../EX10/Problem10_SOLUTION.pdf Graphic file (type pdf)

<use ../EX10/Problem10_SOLUTION.pdf>
Package pdftex.def Info: ../EX10/Problem10_SOLUTION.pdf used on input line 32.
(pdftex.def)             Requested size: 597.50682pt x 845.04504pt.
File: ../EX10/Problem10_SOLUTION.pdf Graphic file (type pdf)
 <use ../EX10/Problem10_SOLUTION.pdf>
Package pdftex.def Info: ../EX10/Problem10_SOLUTION.pdf used on input line 32.
(pdftex.def)             Requested size: 597.50682pt x 845.04504pt.
File: ../EX10/Problem10_SOLUTION.pdf Graphic file (type pdf)

<use ../EX10/Problem10_SOLUTION.pdf>
Package pdftex.def Info: ../EX10/Problem10_SOLUTION.pdf used on input line 32.
(pdftex.def)             Requested size: 597.50682pt x 845.04504pt.

<../EX10/Problem10_SOLUTION.pdf, id=474, page=1, 597.50829pt x 845.0471pt>
File: ../EX10/Problem10_SOLUTION.pdf Graphic file (type pdf)

<use ../EX10/Problem10_SOLUTION.pdf, page 1>
Package pdftex.def Info: ../EX10/Problem10_SOLUTION.pdf, page1 used on input li
ne 32.
(pdftex.def)             Requested size: 597.50682pt x 845.04504pt.
File: ../EX10/Problem10_SOLUTION.pdf Graphic file (type pdf)

<use ../EX10/Problem10_SOLUTION.pdf, page 1>
Package pdftex.def Info: ../EX10/Problem10_SOLUTION.pdf, page1 used on input li
ne 32.
(pdftex.def)             Requested size: 597.53416pt x 845.08372pt.
File: ../EX10/Problem10_SOLUTION.pdf Graphic file (type pdf)

<use ../EX10/Problem10_SOLUTION.pdf, page 1>
Package pdftex.def Info: ../EX10/Problem10_SOLUTION.pdf, page1 used on input li
ne 32.
(pdftex.def)             Requested size: 597.53416pt x 845.08372pt.
File: ../EX10/Problem10_SOLUTION.pdf Graphic file (type pdf)

<use ../EX10/Problem10_SOLUTION.pdf, page 1>
Package pdftex.def Info: ../EX10/Problem10_SOLUTION.pdf, page1 used on input li
ne 32.
(pdftex.def)             Requested size: 597.53416pt x 845.08372pt.
File: ../EX10/Problem10_SOLUTION.pdf Graphic file (type pdf)

<use ../EX10/Problem10_SOLUTION.pdf, page 1>
Package pdftex.def Info: ../EX10/Problem10_SOLUTION.pdf, page1 used on input li
ne 32.
(pdftex.def)             Requested size: 597.53416pt x 845.08372pt.
 [17 <../EX10/Problem10_SOLUTION.pdf>] <../EX10/Problem10_SOLUTION.pdf, id=531,
 page=2, 597.50829pt x 845.0471pt>
File: ../EX10/Problem10_SOLUTION.pdf Graphic file (type pdf)

<use ../EX10/Problem10_SOLUTION.pdf, page 2>
Package pdftex.def Info: ../EX10/Problem10_SOLUTION.pdf, page2 used on input li
ne 32.
(pdftex.def)             Requested size: 597.53416pt x 845.08372pt.
File: ../EX10/Problem10_SOLUTION.pdf Graphic file (type pdf)

<use ../EX10/Problem10_SOLUTION.pdf, page 2>
Package pdftex.def Info: ../EX10/Problem10_SOLUTION.pdf, page2 used on input li
ne 32.
(pdftex.def)             Requested size: 597.53416pt x 845.08372pt.
File: ../EX10/Problem10_SOLUTION.pdf Graphic file (type pdf)

<use ../EX10/Problem10_SOLUTION.pdf, page 2>
Package pdftex.def Info: ../EX10/Problem10_SOLUTION.pdf, page2 used on input li
ne 32.
(pdftex.def)             Requested size: 597.53416pt x 845.08372pt.
 [18 <../EX10/Problem10_SOLUTION.pdf>] <../EX11/Problem11_SOLUTION.pdf, id=538,
 597.50829pt x 845.0471pt>
File: ../EX11/Problem11_SOLUTION.pdf Graphic file (type pdf)

<use ../EX11/Problem11_SOLUTION.pdf>
Package pdftex.def Info: ../EX11/Problem11_SOLUTION.pdf used on input line 33.
(pdftex.def)             Requested size: 597.50682pt x 845.04504pt.
File: ../EX11/Problem11_SOLUTION.pdf Graphic file (type pdf)
 <use ../EX11/Problem11_SOLUTION.pdf>
Package pdftex.def Info: ../EX11/Problem11_SOLUTION.pdf used on input line 33.
(pdftex.def)             Requested size: 597.50682pt x 845.04504pt.

<../EX11/Problem11_SOLUTION.pdf, id=541, page=1, 597.50829pt x 845.0471pt>
File: ../EX11/Problem11_SOLUTION.pdf Graphic file (type pdf)

<use ../EX11/Problem11_SOLUTION.pdf, page 1>
Package pdftex.def Info: ../EX11/Problem11_SOLUTION.pdf, page1 used on input li
ne 33.
(pdftex.def)             Requested size: 597.50682pt x 845.04504pt.
File: ../EX11/Problem11_SOLUTION.pdf Graphic file (type pdf)

<use ../EX11/Problem11_SOLUTION.pdf, page 1>
Package pdftex.def Info: ../EX11/Problem11_SOLUTION.pdf, page1 used on input li
ne 33.
(pdftex.def)             Requested size: 597.53416pt x 845.08372pt.
File: ../EX11/Problem11_SOLUTION.pdf Graphic file (type pdf)

<use ../EX11/Problem11_SOLUTION.pdf, page 1>
Package pdftex.def Info: ../EX11/Problem11_SOLUTION.pdf, page1 used on input li
ne 33.
(pdftex.def)             Requested size: 597.53416pt x 845.08372pt.
File: ../EX11/Problem11_SOLUTION.pdf Graphic file (type pdf)

<use ../EX11/Problem11_SOLUTION.pdf, page 1>
Package pdftex.def Info: ../EX11/Problem11_SOLUTION.pdf, page1 used on input li
ne 33.
(pdftex.def)             Requested size: 597.53416pt x 845.08372pt.
File: ../EX11/Problem11_SOLUTION.pdf Graphic file (type pdf)

<use ../EX11/Problem11_SOLUTION.pdf, page 1>
Package pdftex.def Info: ../EX11/Problem11_SOLUTION.pdf, page1 used on input li
ne 33.
(pdftex.def)             Requested size: 597.53416pt x 845.08372pt.
 [19 <../EX11/Problem11_SOLUTION.pdf>] <../EX12/Problem12_SOLUTION.pdf, id=581,
 597.50829pt x 845.0471pt>
File: ../EX12/Problem12_SOLUTION.pdf Graphic file (type pdf)

<use ../EX12/Problem12_SOLUTION.pdf>
Package pdftex.def Info: ../EX12/Problem12_SOLUTION.pdf used on input line 34.
(pdftex.def)             Requested size: 597.50682pt x 845.04504pt.
File: ../EX12/Problem12_SOLUTION.pdf Graphic file (type pdf)
 <use ../EX12/Problem12_SOLUTION.pdf>
Package pdftex.def Info: ../EX12/Problem12_SOLUTION.pdf used on input line 34.
(pdftex.def)             Requested size: 597.50682pt x 845.04504pt.

<../EX12/Problem12_SOLUTION.pdf, id=584, page=1, 597.50829pt x 845.0471pt>
File: ../EX12/Problem12_SOLUTION.pdf Graphic file (type pdf)

<use ../EX12/Problem12_SOLUTION.pdf, page 1>
Package pdftex.def Info: ../EX12/Problem12_SOLUTION.pdf, page1 used on input li
ne 34.
(pdftex.def)             Requested size: 597.50682pt x 845.04504pt.
File: ../EX12/Problem12_SOLUTION.pdf Graphic file (type pdf)

<use ../EX12/Problem12_SOLUTION.pdf, page 1>
Package pdftex.def Info: ../EX12/Problem12_SOLUTION.pdf, page1 used on input li
ne 34.
(pdftex.def)             Requested size: 597.53416pt x 845.08372pt.
File: ../EX12/Problem12_SOLUTION.pdf Graphic file (type pdf)

<use ../EX12/Problem12_SOLUTION.pdf, page 1>
Package pdftex.def Info: ../EX12/Problem12_SOLUTION.pdf, page1 used on input li
ne 34.
(pdftex.def)             Requested size: 597.53416pt x 845.08372pt.
File: ../EX12/Problem12_SOLUTION.pdf Graphic file (type pdf)

<use ../EX12/Problem12_SOLUTION.pdf, page 1>
Package pdftex.def Info: ../EX12/Problem12_SOLUTION.pdf, page1 used on input li
ne 34.
(pdftex.def)             Requested size: 597.53416pt x 845.08372pt.
File: ../EX12/Problem12_SOLUTION.pdf Graphic file (type pdf)

<use ../EX12/Problem12_SOLUTION.pdf, page 1>
Package pdftex.def Info: ../EX12/Problem12_SOLUTION.pdf, page1 used on input li
ne 34.
(pdftex.def)             Requested size: 597.53416pt x 845.08372pt.
 [20 <../EX12/Problem12_SOLUTION.pdf>] <../EX13/Problem13_SOLUTION.pdf, id=701,
 597.50829pt x 845.0471pt>
File: ../EX13/Problem13_SOLUTION.pdf Graphic file (type pdf)

<use ../EX13/Problem13_SOLUTION.pdf>
Package pdftex.def Info: ../EX13/Problem13_SOLUTION.pdf used on input line 35.
(pdftex.def)             Requested size: 597.50682pt x 845.04504pt.
File: ../EX13/Problem13_SOLUTION.pdf Graphic file (type pdf)
 <use ../EX13/Problem13_SOLUTION.pdf>
Package pdftex.def Info: ../EX13/Problem13_SOLUTION.pdf used on input line 35.
(pdftex.def)             Requested size: 597.50682pt x 845.04504pt.
File: ../EX13/Problem13_SOLUTION.pdf Graphic file (type pdf)

<use ../EX13/Problem13_SOLUTION.pdf>
Package pdftex.def Info: ../EX13/Problem13_SOLUTION.pdf used on input line 35.
(pdftex.def)             Requested size: 597.50682pt x 845.04504pt.
File: ../EX13/Problem13_SOLUTION.pdf Graphic file (type pdf)
 <use ../EX13/Problem13_SOLUTION.pdf>
Package pdftex.def Info: ../EX13/Problem13_SOLUTION.pdf used on input line 35.
(pdftex.def)             Requested size: 597.50682pt x 845.04504pt.
File: ../EX13/Problem13_SOLUTION.pdf Graphic file (type pdf)

<use ../EX13/Problem13_SOLUTION.pdf>
Package pdftex.def Info: ../EX13/Problem13_SOLUTION.pdf used on input line 35.
(pdftex.def)             Requested size: 597.50682pt x 845.04504pt.
File: ../EX13/Problem13_SOLUTION.pdf Graphic file (type pdf)
 <use ../EX13/Problem13_SOLUTION.pdf>
Package pdftex.def Info: ../EX13/Problem13_SOLUTION.pdf used on input line 35.
(pdftex.def)             Requested size: 597.50682pt x 845.04504pt.

<../EX13/Problem13_SOLUTION.pdf, id=708, page=1, 597.50829pt x 845.0471pt>
File: ../EX13/Problem13_SOLUTION.pdf Graphic file (type pdf)

<use ../EX13/Problem13_SOLUTION.pdf, page 1>
Package pdftex.def Info: ../EX13/Problem13_SOLUTION.pdf, page1 used on input li
ne 35.
(pdftex.def)             Requested size: 597.50682pt x 845.04504pt.
File: ../EX13/Problem13_SOLUTION.pdf Graphic file (type pdf)

<use ../EX13/Problem13_SOLUTION.pdf, page 1>
Package pdftex.def Info: ../EX13/Problem13_SOLUTION.pdf, page1 used on input li
ne 35.
(pdftex.def)             Requested size: 597.53416pt x 845.08372pt.
File: ../EX13/Problem13_SOLUTION.pdf Graphic file (type pdf)

<use ../EX13/Problem13_SOLUTION.pdf, page 1>
Package pdftex.def Info: ../EX13/Problem13_SOLUTION.pdf, page1 used on input li
ne 35.
(pdftex.def)             Requested size: 597.53416pt x 845.08372pt.
File: ../EX13/Problem13_SOLUTION.pdf Graphic file (type pdf)

<use ../EX13/Problem13_SOLUTION.pdf, page 1>
Package pdftex.def Info: ../EX13/Problem13_SOLUTION.pdf, page1 used on input li
ne 35.
(pdftex.def)             Requested size: 597.53416pt x 845.08372pt.
File: ../EX13/Problem13_SOLUTION.pdf Graphic file (type pdf)

<use ../EX13/Problem13_SOLUTION.pdf, page 1>
Package pdftex.def Info: ../EX13/Problem13_SOLUTION.pdf, page1 used on input li
ne 35.
(pdftex.def)             Requested size: 597.53416pt x 845.08372pt.
 [21 <../EX13/Problem13_SOLUTION.pdf>] <../EX13/Problem13_SOLUTION.pdf, id=908,
 page=2, 597.50829pt x 845.0471pt>
File: ../EX13/Problem13_SOLUTION.pdf Graphic file (type pdf)

<use ../EX13/Problem13_SOLUTION.pdf, page 2>
Package pdftex.def Info: ../EX13/Problem13_SOLUTION.pdf, page2 used on input li
ne 35.
(pdftex.def)             Requested size: 597.53416pt x 845.08372pt.
File: ../EX13/Problem13_SOLUTION.pdf Graphic file (type pdf)

<use ../EX13/Problem13_SOLUTION.pdf, page 2>
Package pdftex.def Info: ../EX13/Problem13_SOLUTION.pdf, page2 used on input li
ne 35.
(pdftex.def)             Requested size: 597.53416pt x 845.08372pt.
File: ../EX13/Problem13_SOLUTION.pdf Graphic file (type pdf)

<use ../EX13/Problem13_SOLUTION.pdf, page 2>
Package pdftex.def Info: ../EX13/Problem13_SOLUTION.pdf, page2 used on input li
ne 35.
(pdftex.def)             Requested size: 597.53416pt x 845.08372pt.
 [22 <../EX13/Problem13_SOLUTION.pdf>] <../EX13/Problem13_SOLUTION.pdf, id=912,
 page=3, 597.50829pt x 845.0471pt>
File: ../EX13/Problem13_SOLUTION.pdf Graphic file (type pdf)

<use ../EX13/Problem13_SOLUTION.pdf, page 3>
Package pdftex.def Info: ../EX13/Problem13_SOLUTION.pdf, page3 used on input li
ne 35.
(pdftex.def)             Requested size: 597.53416pt x 845.08372pt.
File: ../EX13/Problem13_SOLUTION.pdf Graphic file (type pdf)

<use ../EX13/Problem13_SOLUTION.pdf, page 3>
Package pdftex.def Info: ../EX13/Problem13_SOLUTION.pdf, page3 used on input li
ne 35.
(pdftex.def)             Requested size: 597.53416pt x 845.08372pt.
File: ../EX13/Problem13_SOLUTION.pdf Graphic file (type pdf)

<use ../EX13/Problem13_SOLUTION.pdf, page 3>
Package pdftex.def Info: ../EX13/Problem13_SOLUTION.pdf, page3 used on input li
ne 35.
(pdftex.def)             Requested size: 597.53416pt x 845.08372pt.
 [23 <../EX13/Problem13_SOLUTION.pdf>] <../EX13/Problem13_SOLUTION.pdf, id=916,
 page=4, 597.50829pt x 845.0471pt>
File: ../EX13/Problem13_SOLUTION.pdf Graphic file (type pdf)

<use ../EX13/Problem13_SOLUTION.pdf, page 4>
Package pdftex.def Info: ../EX13/Problem13_SOLUTION.pdf, page4 used on input li
ne 35.
(pdftex.def)             Requested size: 597.53416pt x 845.08372pt.
File: ../EX13/Problem13_SOLUTION.pdf Graphic file (type pdf)

<use ../EX13/Problem13_SOLUTION.pdf, page 4>
Package pdftex.def Info: ../EX13/Problem13_SOLUTION.pdf, page4 used on input li
ne 35.
(pdftex.def)             Requested size: 597.53416pt x 845.08372pt.
File: ../EX13/Problem13_SOLUTION.pdf Graphic file (type pdf)

<use ../EX13/Problem13_SOLUTION.pdf, page 4>
Package pdftex.def Info: ../EX13/Problem13_SOLUTION.pdf, page4 used on input li
ne 35.
(pdftex.def)             Requested size: 597.53416pt x 845.08372pt.
 [24 <../EX13/Problem13_SOLUTION.pdf>] <../EX13/Problem13_SOLUTION.pdf, id=926,
 page=5, 597.50829pt x 845.0471pt>
File: ../EX13/Problem13_SOLUTION.pdf Graphic file (type pdf)

<use ../EX13/Problem13_SOLUTION.pdf, page 5>
Package pdftex.def Info: ../EX13/Problem13_SOLUTION.pdf, page5 used on input li
ne 35.
(pdftex.def)             Requested size: 597.53416pt x 845.08372pt.
File: ../EX13/Problem13_SOLUTION.pdf Graphic file (type pdf)

<use ../EX13/Problem13_SOLUTION.pdf, page 5>
Package pdftex.def Info: ../EX13/Problem13_SOLUTION.pdf, page5 used on input li
ne 35.
(pdftex.def)             Requested size: 597.53416pt x 845.08372pt.
File: ../EX13/Problem13_SOLUTION.pdf Graphic file (type pdf)

<use ../EX13/Problem13_SOLUTION.pdf, page 5>
Package pdftex.def Info: ../EX13/Problem13_SOLUTION.pdf, page5 used on input li
ne 35.
(pdftex.def)             Requested size: 597.53416pt x 845.08372pt.
 [25 <../EX13/Problem13_SOLUTION.pdf>] <../EX14/Problem14_SOLUTION.pdf, id=940,
 597.50829pt x 845.0471pt>
File: ../EX14/Problem14_SOLUTION.pdf Graphic file (type pdf)

<use ../EX14/Problem14_SOLUTION.pdf>
Package pdftex.def Info: ../EX14/Problem14_SOLUTION.pdf used on input line 36.
(pdftex.def)             Requested size: 597.50682pt x 845.04504pt.
File: ../EX14/Problem14_SOLUTION.pdf Graphic file (type pdf)
 <use ../EX14/Problem14_SOLUTION.pdf>
Package pdftex.def Info: ../EX14/Problem14_SOLUTION.pdf used on input line 36.
(pdftex.def)             Requested size: 597.50682pt x 845.04504pt.
File: ../EX14/Problem14_SOLUTION.pdf Graphic file (type pdf)

<use ../EX14/Problem14_SOLUTION.pdf>
Package pdftex.def Info: ../EX14/Problem14_SOLUTION.pdf used on input line 36.
(pdftex.def)             Requested size: 597.50682pt x 845.04504pt.
File: ../EX14/Problem14_SOLUTION.pdf Graphic file (type pdf)
 <use ../EX14/Problem14_SOLUTION.pdf>
Package pdftex.def Info: ../EX14/Problem14_SOLUTION.pdf used on input line 36.
(pdftex.def)             Requested size: 597.50682pt x 845.04504pt.
File: ../EX14/Problem14_SOLUTION.pdf Graphic file (type pdf)

<use ../EX14/Problem14_SOLUTION.pdf>
Package pdftex.def Info: ../EX14/Problem14_SOLUTION.pdf used on input line 36.
(pdftex.def)             Requested size: 597.50682pt x 845.04504pt.

<../EX14/Problem14_SOLUTION.pdf, id=946, page=1, 597.50829pt x 845.0471pt>
File: ../EX14/Problem14_SOLUTION.pdf Graphic file (type pdf)

<use ../EX14/Problem14_SOLUTION.pdf, page 1>
Package pdftex.def Info: ../EX14/Problem14_SOLUTION.pdf, page1 used on input li
ne 36.
(pdftex.def)             Requested size: 597.50682pt x 845.04504pt.
File: ../EX14/Problem14_SOLUTION.pdf Graphic file (type pdf)

<use ../EX14/Problem14_SOLUTION.pdf, page 1>
Package pdftex.def Info: ../EX14/Problem14_SOLUTION.pdf, page1 used on input li
ne 36.
(pdftex.def)             Requested size: 597.53416pt x 845.08372pt.
File: ../EX14/Problem14_SOLUTION.pdf Graphic file (type pdf)

<use ../EX14/Problem14_SOLUTION.pdf, page 1>
Package pdftex.def Info: ../EX14/Problem14_SOLUTION.pdf, page1 used on input li
ne 36.
(pdftex.def)             Requested size: 597.53416pt x 845.08372pt.
File: ../EX14/Problem14_SOLUTION.pdf Graphic file (type pdf)

<use ../EX14/Problem14_SOLUTION.pdf, page 1>
Package pdftex.def Info: ../EX14/Problem14_SOLUTION.pdf, page1 used on input li
ne 36.
(pdftex.def)             Requested size: 597.53416pt x 845.08372pt.
File: ../EX14/Problem14_SOLUTION.pdf Graphic file (type pdf)

<use ../EX14/Problem14_SOLUTION.pdf, page 1>
Package pdftex.def Info: ../EX14/Problem14_SOLUTION.pdf, page1 used on input li
ne 36.
(pdftex.def)             Requested size: 597.53416pt x 845.08372pt.
 [26 <../EX14/Problem14_SOLUTION.pdf>] <../EX14/Problem14_SOLUTION.pdf, id=978,
 page=2, 597.50829pt x 845.0471pt>
File: ../EX14/Problem14_SOLUTION.pdf Graphic file (type pdf)

<use ../EX14/Problem14_SOLUTION.pdf, page 2>
Package pdftex.def Info: ../EX14/Problem14_SOLUTION.pdf, page2 used on input li
ne 36.
(pdftex.def)             Requested size: 597.53416pt x 845.08372pt.
File: ../EX14/Problem14_SOLUTION.pdf Graphic file (type pdf)

<use ../EX14/Problem14_SOLUTION.pdf, page 2>
Package pdftex.def Info: ../EX14/Problem14_SOLUTION.pdf, page2 used on input li
ne 36.
(pdftex.def)             Requested size: 597.53416pt x 845.08372pt.
File: ../EX14/Problem14_SOLUTION.pdf Graphic file (type pdf)

<use ../EX14/Problem14_SOLUTION.pdf, page 2>
Package pdftex.def Info: ../EX14/Problem14_SOLUTION.pdf, page2 used on input li
ne 36.
(pdftex.def)             Requested size: 597.53416pt x 845.08372pt.
 [27 <../EX14/Problem14_SOLUTION.pdf>] <../EX14/Problem14_SOLUTION.pdf, id=982,
 page=3, 597.50829pt x 845.0471pt>
File: ../EX14/Problem14_SOLUTION.pdf Graphic file (type pdf)

<use ../EX14/Problem14_SOLUTION.pdf, page 3>
Package pdftex.def Info: ../EX14/Problem14_SOLUTION.pdf, page3 used on input li
ne 36.
(pdftex.def)             Requested size: 597.53416pt x 845.08372pt.
File: ../EX14/Problem14_SOLUTION.pdf Graphic file (type pdf)

<use ../EX14/Problem14_SOLUTION.pdf, page 3>
Package pdftex.def Info: ../EX14/Problem14_SOLUTION.pdf, page3 used on input li
ne 36.
(pdftex.def)             Requested size: 597.53416pt x 845.08372pt.
File: ../EX14/Problem14_SOLUTION.pdf Graphic file (type pdf)

<use ../EX14/Problem14_SOLUTION.pdf, page 3>
Package pdftex.def Info: ../EX14/Problem14_SOLUTION.pdf, page3 used on input li
ne 36.
(pdftex.def)             Requested size: 597.53416pt x 845.08372pt.
 [28 <../EX14/Problem14_SOLUTION.pdf>]
<../EX14/Problem14_SOLUTION.pdf, id=1007, page=4, 597.50829pt x 845.0471pt>
File: ../EX14/Problem14_SOLUTION.pdf Graphic file (type pdf)

<use ../EX14/Problem14_SOLUTION.pdf, page 4>
Package pdftex.def Info: ../EX14/Problem14_SOLUTION.pdf, page4 used on input li
ne 36.
(pdftex.def)             Requested size: 597.53416pt x 845.08372pt.
File: ../EX14/Problem14_SOLUTION.pdf Graphic file (type pdf)

<use ../EX14/Problem14_SOLUTION.pdf, page 4>
Package pdftex.def Info: ../EX14/Problem14_SOLUTION.pdf, page4 used on input li
ne 36.
(pdftex.def)             Requested size: 597.53416pt x 845.08372pt.
File: ../EX14/Problem14_SOLUTION.pdf Graphic file (type pdf)

<use ../EX14/Problem14_SOLUTION.pdf, page 4>
Package pdftex.def Info: ../EX14/Problem14_SOLUTION.pdf, page4 used on input li
ne 36.
(pdftex.def)             Requested size: 597.53416pt x 845.08372pt.
 [29 <../EX14/Problem14_SOLUTION.pdf>] <../EX15/Problem15_SOLUTION.pdf, id=1014
, 597.50829pt x 845.0471pt>
File: ../EX15/Problem15_SOLUTION.pdf Graphic file (type pdf)

<use ../EX15/Problem15_SOLUTION.pdf>
Package pdftex.def Info: ../EX15/Problem15_SOLUTION.pdf used on input line 37.
(pdftex.def)             Requested size: 597.50682pt x 845.04504pt.
File: ../EX15/Problem15_SOLUTION.pdf Graphic file (type pdf)
 <use ../EX15/Problem15_SOLUTION.pdf>
Package pdftex.def Info: ../EX15/Problem15_SOLUTION.pdf used on input line 37.
(pdftex.def)             Requested size: 597.50682pt x 845.04504pt.
File: ../EX15/Problem15_SOLUTION.pdf Graphic file (type pdf)

<use ../EX15/Problem15_SOLUTION.pdf>
Package pdftex.def Info: ../EX15/Problem15_SOLUTION.pdf used on input line 37.
(pdftex.def)             Requested size: 597.50682pt x 845.04504pt.
File: ../EX15/Problem15_SOLUTION.pdf Graphic file (type pdf)
 <use ../EX15/Problem15_SOLUTION.pdf>
Package pdftex.def Info: ../EX15/Problem15_SOLUTION.pdf used on input line 37.
(pdftex.def)             Requested size: 597.50682pt x 845.04504pt.

<../EX15/Problem15_SOLUTION.pdf, id=1019, page=1, 597.50829pt x 845.0471pt>
File: ../EX15/Problem15_SOLUTION.pdf Graphic file (type pdf)

<use ../EX15/Problem15_SOLUTION.pdf, page 1>
Package pdftex.def Info: ../EX15/Problem15_SOLUTION.pdf, page1 used on input li
ne 37.
(pdftex.def)             Requested size: 597.50682pt x 845.04504pt.
File: ../EX15/Problem15_SOLUTION.pdf Graphic file (type pdf)

<use ../EX15/Problem15_SOLUTION.pdf, page 1>
Package pdftex.def Info: ../EX15/Problem15_SOLUTION.pdf, page1 used on input li
ne 37.
(pdftex.def)             Requested size: 597.53416pt x 845.08372pt.
File: ../EX15/Problem15_SOLUTION.pdf Graphic file (type pdf)

<use ../EX15/Problem15_SOLUTION.pdf, page 1>
Package pdftex.def Info: ../EX15/Problem15_SOLUTION.pdf, page1 used on input li
ne 37.
(pdftex.def)             Requested size: 597.53416pt x 845.08372pt.
File: ../EX15/Problem15_SOLUTION.pdf Graphic file (type pdf)

<use ../EX15/Problem15_SOLUTION.pdf, page 1>
Package pdftex.def Info: ../EX15/Problem15_SOLUTION.pdf, page1 used on input li
ne 37.
(pdftex.def)             Requested size: 597.53416pt x 845.08372pt.
File: ../EX15/Problem15_SOLUTION.pdf Graphic file (type pdf)

<use ../EX15/Problem15_SOLUTION.pdf, page 1>
Package pdftex.def Info: ../EX15/Problem15_SOLUTION.pdf, page1 used on input li
ne 37.
(pdftex.def)             Requested size: 597.53416pt x 845.08372pt.
 [30 <../EX15/Problem15_SOLUTION.pdf>]
<../EX15/Problem15_SOLUTION.pdf, id=1276, page=2, 597.50829pt x 845.0471pt>
File: ../EX15/Problem15_SOLUTION.pdf Graphic file (type pdf)

<use ../EX15/Problem15_SOLUTION.pdf, page 2>
Package pdftex.def Info: ../EX15/Problem15_SOLUTION.pdf, page2 used on input li
ne 37.
(pdftex.def)             Requested size: 597.53416pt x 845.08372pt.
File: ../EX15/Problem15_SOLUTION.pdf Graphic file (type pdf)

<use ../EX15/Problem15_SOLUTION.pdf, page 2>
Package pdftex.def Info: ../EX15/Problem15_SOLUTION.pdf, page2 used on input li
ne 37.
(pdftex.def)             Requested size: 597.53416pt x 845.08372pt.
File: ../EX15/Problem15_SOLUTION.pdf Graphic file (type pdf)

<use ../EX15/Problem15_SOLUTION.pdf, page 2>
Package pdftex.def Info: ../EX15/Problem15_SOLUTION.pdf, page2 used on input li
ne 37.
(pdftex.def)             Requested size: 597.53416pt x 845.08372pt.
 [31 <../EX15/Problem15_SOLUTION.pdf>]
<../EX15/Problem15_SOLUTION.pdf, id=1281, page=3, 597.50829pt x 845.0471pt>
File: ../EX15/Problem15_SOLUTION.pdf Graphic file (type pdf)

<use ../EX15/Problem15_SOLUTION.pdf, page 3>
Package pdftex.def Info: ../EX15/Problem15_SOLUTION.pdf, page3 used on input li
ne 37.
(pdftex.def)             Requested size: 597.53416pt x 845.08372pt.
File: ../EX15/Problem15_SOLUTION.pdf Graphic file (type pdf)

<use ../EX15/Problem15_SOLUTION.pdf, page 3>
Package pdftex.def Info: ../EX15/Problem15_SOLUTION.pdf, page3 used on input li
ne 37.
(pdftex.def)             Requested size: 597.53416pt x 845.08372pt.
File: ../EX15/Problem15_SOLUTION.pdf Graphic file (type pdf)

<use ../EX15/Problem15_SOLUTION.pdf, page 3>
Package pdftex.def Info: ../EX15/Problem15_SOLUTION.pdf, page3 used on input li
ne 37.
(pdftex.def)             Requested size: 597.53416pt x 845.08372pt.
 [32 <../EX15/Problem15_SOLUTION.pdf>] <../EX16/Problem16_SOLUTION.pdf, id=1291
, 597.50829pt x 845.0471pt>
File: ../EX16/Problem16_SOLUTION.pdf Graphic file (type pdf)

<use ../EX16/Problem16_SOLUTION.pdf>
Package pdftex.def Info: ../EX16/Problem16_SOLUTION.pdf used on input line 38.
(pdftex.def)             Requested size: 597.50682pt x 845.04504pt.
File: ../EX16/Problem16_SOLUTION.pdf Graphic file (type pdf)
 <use ../EX16/Problem16_SOLUTION.pdf>
Package pdftex.def Info: ../EX16/Problem16_SOLUTION.pdf used on input line 38.
(pdftex.def)             Requested size: 597.50682pt x 845.04504pt.

<../EX16/Problem16_SOLUTION.pdf, id=1294, page=1, 597.50829pt x 845.0471pt>
File: ../EX16/Problem16_SOLUTION.pdf Graphic file (type pdf)

<use ../EX16/Problem16_SOLUTION.pdf, page 1>
Package pdftex.def Info: ../EX16/Problem16_SOLUTION.pdf, page1 used on input li
ne 38.
(pdftex.def)             Requested size: 597.50682pt x 845.04504pt.
File: ../EX16/Problem16_SOLUTION.pdf Graphic file (type pdf)

<use ../EX16/Problem16_SOLUTION.pdf, page 1>
Package pdftex.def Info: ../EX16/Problem16_SOLUTION.pdf, page1 used on input li
ne 38.
(pdftex.def)             Requested size: 597.53416pt x 845.08372pt.
File: ../EX16/Problem16_SOLUTION.pdf Graphic file (type pdf)

<use ../EX16/Problem16_SOLUTION.pdf, page 1>
Package pdftex.def Info: ../EX16/Problem16_SOLUTION.pdf, page1 used on input li
ne 38.
(pdftex.def)             Requested size: 597.53416pt x 845.08372pt.
File: ../EX16/Problem16_SOLUTION.pdf Graphic file (type pdf)

<use ../EX16/Problem16_SOLUTION.pdf, page 1>
Package pdftex.def Info: ../EX16/Problem16_SOLUTION.pdf, page1 used on input li
ne 38.
(pdftex.def)             Requested size: 597.53416pt x 845.08372pt.
File: ../EX16/Problem16_SOLUTION.pdf Graphic file (type pdf)

<use ../EX16/Problem16_SOLUTION.pdf, page 1>
Package pdftex.def Info: ../EX16/Problem16_SOLUTION.pdf, page1 used on input li
ne 38.
(pdftex.def)             Requested size: 597.53416pt x 845.08372pt.
 [33 <../EX16/Problem16_SOLUTION.pdf>] <../EX17/Problem17_SOLUTION.pdf, id=1438
, 597.50829pt x 845.0471pt>
File: ../EX17/Problem17_SOLUTION.pdf Graphic file (type pdf)

<use ../EX17/Problem17_SOLUTION.pdf>
Package pdftex.def Info: ../EX17/Problem17_SOLUTION.pdf used on input line 39.
(pdftex.def)             Requested size: 597.50682pt x 845.04504pt.
File: ../EX17/Problem17_SOLUTION.pdf Graphic file (type pdf)
 <use ../EX17/Problem17_SOLUTION.pdf>
Package pdftex.def Info: ../EX17/Problem17_SOLUTION.pdf used on input line 39.
(pdftex.def)             Requested size: 597.50682pt x 845.04504pt.
File: ../EX17/Problem17_SOLUTION.pdf Graphic file (type pdf)

<use ../EX17/Problem17_SOLUTION.pdf>
Package pdftex.def Info: ../EX17/Problem17_SOLUTION.pdf used on input line 39.
(pdftex.def)             Requested size: 597.50682pt x 845.04504pt.

<../EX17/Problem17_SOLUTION.pdf, id=1442, page=1, 597.50829pt x 845.0471pt>
File: ../EX17/Problem17_SOLUTION.pdf Graphic file (type pdf)

<use ../EX17/Problem17_SOLUTION.pdf, page 1>
Package pdftex.def Info: ../EX17/Problem17_SOLUTION.pdf, page1 used on input li
ne 39.
(pdftex.def)             Requested size: 597.50682pt x 845.04504pt.
File: ../EX17/Problem17_SOLUTION.pdf Graphic file (type pdf)

<use ../EX17/Problem17_SOLUTION.pdf, page 1>
Package pdftex.def Info: ../EX17/Problem17_SOLUTION.pdf, page1 used on input li
ne 39.
(pdftex.def)             Requested size: 597.53416pt x 845.08372pt.
File: ../EX17/Problem17_SOLUTION.pdf Graphic file (type pdf)

<use ../EX17/Problem17_SOLUTION.pdf, page 1>
Package pdftex.def Info: ../EX17/Problem17_SOLUTION.pdf, page1 used on input li
ne 39.
(pdftex.def)             Requested size: 597.53416pt x 845.08372pt.
File: ../EX17/Problem17_SOLUTION.pdf Graphic file (type pdf)

<use ../EX17/Problem17_SOLUTION.pdf, page 1>
Package pdftex.def Info: ../EX17/Problem17_SOLUTION.pdf, page1 used on input li
ne 39.
(pdftex.def)             Requested size: 597.53416pt x 845.08372pt.
File: ../EX17/Problem17_SOLUTION.pdf Graphic file (type pdf)

<use ../EX17/Problem17_SOLUTION.pdf, page 1>
Package pdftex.def Info: ../EX17/Problem17_SOLUTION.pdf, page1 used on input li
ne 39.
(pdftex.def)             Requested size: 597.53416pt x 845.08372pt.
 [34 <../EX17/Problem17_SOLUTION.pdf>]
<../EX17/Problem17_SOLUTION.pdf, id=1578, page=2, 597.50829pt x 845.0471pt>
File: ../EX17/Problem17_SOLUTION.pdf Graphic file (type pdf)

<use ../EX17/Problem17_SOLUTION.pdf, page 2>
Package pdftex.def Info: ../EX17/Problem17_SOLUTION.pdf, page2 used on input li
ne 39.
(pdftex.def)             Requested size: 597.53416pt x 845.08372pt.
File: ../EX17/Problem17_SOLUTION.pdf Graphic file (type pdf)

<use ../EX17/Problem17_SOLUTION.pdf, page 2>
Package pdftex.def Info: ../EX17/Problem17_SOLUTION.pdf, page2 used on input li
ne 39.
(pdftex.def)             Requested size: 597.53416pt x 845.08372pt.
File: ../EX17/Problem17_SOLUTION.pdf Graphic file (type pdf)

<use ../EX17/Problem17_SOLUTION.pdf, page 2>
Package pdftex.def Info: ../EX17/Problem17_SOLUTION.pdf, page2 used on input li
ne 39.
(pdftex.def)             Requested size: 597.53416pt x 845.08372pt.
 [35 <../EX17/Problem17_SOLUTION.pdf>] <../EX18/Problem18_SOLUTION.pdf, id=1582
, 597.50829pt x 845.0471pt>
File: ../EX18/Problem18_SOLUTION.pdf Graphic file (type pdf)

<use ../EX18/Problem18_SOLUTION.pdf>
Package pdftex.def Info: ../EX18/Problem18_SOLUTION.pdf used on input line 40.
(pdftex.def)             Requested size: 597.50682pt x 845.04504pt.
File: ../EX18/Problem18_SOLUTION.pdf Graphic file (type pdf)
 <use ../EX18/Problem18_SOLUTION.pdf>
Package pdftex.def Info: ../EX18/Problem18_SOLUTION.pdf used on input line 40.
(pdftex.def)             Requested size: 597.50682pt x 845.04504pt.

<../EX18/Problem18_SOLUTION.pdf, id=1585, page=1, 597.50829pt x 845.0471pt>
File: ../EX18/Problem18_SOLUTION.pdf Graphic file (type pdf)

<use ../EX18/Problem18_SOLUTION.pdf, page 1>
Package pdftex.def Info: ../EX18/Problem18_SOLUTION.pdf, page1 used on input li
ne 40.
(pdftex.def)             Requested size: 597.50682pt x 845.04504pt.
File: ../EX18/Problem18_SOLUTION.pdf Graphic file (type pdf)

<use ../EX18/Problem18_SOLUTION.pdf, page 1>
Package pdftex.def Info: ../EX18/Problem18_SOLUTION.pdf, page1 used on input li
ne 40.
(pdftex.def)             Requested size: 597.53416pt x 845.08372pt.
File: ../EX18/Problem18_SOLUTION.pdf Graphic file (type pdf)

<use ../EX18/Problem18_SOLUTION.pdf, page 1>
Package pdftex.def Info: ../EX18/Problem18_SOLUTION.pdf, page1 used on input li
ne 40.
(pdftex.def)             Requested size: 597.53416pt x 845.08372pt.
File: ../EX18/Problem18_SOLUTION.pdf Graphic file (type pdf)

<use ../EX18/Problem18_SOLUTION.pdf, page 1>
Package pdftex.def Info: ../EX18/Problem18_SOLUTION.pdf, page1 used on input li
ne 40.
(pdftex.def)             Requested size: 597.53416pt x 845.08372pt.
File: ../EX18/Problem18_SOLUTION.pdf Graphic file (type pdf)

<use ../EX18/Problem18_SOLUTION.pdf, page 1>
Package pdftex.def Info: ../EX18/Problem18_SOLUTION.pdf, page1 used on input li
ne 40.
(pdftex.def)             Requested size: 597.53416pt x 845.08372pt.
 [36 <../EX18/Problem18_SOLUTION.pdf>] <../EX20/Problem20_SOLUTION.pdf, id=1696
, 597.50829pt x 845.0471pt>
File: ../EX20/Problem20_SOLUTION.pdf Graphic file (type pdf)

<use ../EX20/Problem20_SOLUTION.pdf>
Package pdftex.def Info: ../EX20/Problem20_SOLUTION.pdf used on input line 41.
(pdftex.def)             Requested size: 597.50682pt x 845.04504pt.
File: ../EX20/Problem20_SOLUTION.pdf Graphic file (type pdf)
 <use ../EX20/Problem20_SOLUTION.pdf>
Package pdftex.def Info: ../EX20/Problem20_SOLUTION.pdf used on input line 41.
(pdftex.def)             Requested size: 597.50682pt x 845.04504pt.
File: ../EX20/Problem20_SOLUTION.pdf Graphic file (type pdf)

<use ../EX20/Problem20_SOLUTION.pdf>
Package pdftex.def Info: ../EX20/Problem20_SOLUTION.pdf used on input line 41.
(pdftex.def)             Requested size: 597.50682pt x 845.04504pt.

<../EX20/Problem20_SOLUTION.pdf, id=1700, page=1, 597.50829pt x 845.0471pt>
File: ../EX20/Problem20_SOLUTION.pdf Graphic file (type pdf)

<use ../EX20/Problem20_SOLUTION.pdf, page 1>
Package pdftex.def Info: ../EX20/Problem20_SOLUTION.pdf, page1 used on input li
ne 41.
(pdftex.def)             Requested size: 597.50682pt x 845.04504pt.
File: ../EX20/Problem20_SOLUTION.pdf Graphic file (type pdf)

<use ../EX20/Problem20_SOLUTION.pdf, page 1>
Package pdftex.def Info: ../EX20/Problem20_SOLUTION.pdf, page1 used on input li
ne 41.
(pdftex.def)             Requested size: 597.53416pt x 845.08372pt.
File: ../EX20/Problem20_SOLUTION.pdf Graphic file (type pdf)

<use ../EX20/Problem20_SOLUTION.pdf, page 1>
Package pdftex.def Info: ../EX20/Problem20_SOLUTION.pdf, page1 used on input li
ne 41.
(pdftex.def)             Requested size: 597.53416pt x 845.08372pt.
File: ../EX20/Problem20_SOLUTION.pdf Graphic file (type pdf)

<use ../EX20/Problem20_SOLUTION.pdf, page 1>
Package pdftex.def Info: ../EX20/Problem20_SOLUTION.pdf, page1 used on input li
ne 41.
(pdftex.def)             Requested size: 597.53416pt x 845.08372pt.
File: ../EX20/Problem20_SOLUTION.pdf Graphic file (type pdf)

<use ../EX20/Problem20_SOLUTION.pdf, page 1>
Package pdftex.def Info: ../EX20/Problem20_SOLUTION.pdf, page1 used on input li
ne 41.
(pdftex.def)             Requested size: 597.53416pt x 845.08372pt.
 [37 <../EX20/Problem20_SOLUTION.pdf>]
<../EX20/Problem20_SOLUTION.pdf, id=1746, page=2, 597.50829pt x 845.0471pt>
File: ../EX20/Problem20_SOLUTION.pdf Graphic file (type pdf)

<use ../EX20/Problem20_SOLUTION.pdf, page 2>
Package pdftex.def Info: ../EX20/Problem20_SOLUTION.pdf, page2 used on input li
ne 41.
(pdftex.def)             Requested size: 597.53416pt x 845.08372pt.
File: ../EX20/Problem20_SOLUTION.pdf Graphic file (type pdf)

<use ../EX20/Problem20_SOLUTION.pdf, page 2>
Package pdftex.def Info: ../EX20/Problem20_SOLUTION.pdf, page2 used on input li
ne 41.
(pdftex.def)             Requested size: 597.53416pt x 845.08372pt.
File: ../EX20/Problem20_SOLUTION.pdf Graphic file (type pdf)

<use ../EX20/Problem20_SOLUTION.pdf, page 2>
Package pdftex.def Info: ../EX20/Problem20_SOLUTION.pdf, page2 used on input li
ne 41.
(pdftex.def)             Requested size: 597.53416pt x 845.08372pt.
 [38 <../EX20/Problem20_SOLUTION.pdf>] (./MergeProblem.aux) ) 
Here is how much of TeX's memory you used:
 15120 strings out of 494901
 289018 string characters out of 6179487
 335879 words of memory out of 5000000
 18082 multiletter control sequences out of 15000+600000
 4403 words of font info for 15 fonts, out of 8000000 for 9000
 36 hyphenation exceptions out of 8191
 55i,18n,54p,416b,431s stack positions out of 5000i,500n,10000p,200000b,80000s
</usr/share/texliv
e/texmf-dist/fonts/type1/public/amsfonts/cm/cmbx10.pfb></usr/share/texlive/texm
f-dist/fonts/type1/public/amsfonts/cm/cmbx12.pfb></usr/share/texlive/texmf-dist
/fonts/type1/public/amsfonts/cm/cmex10.pfb></usr/share/texlive/texmf-dist/fonts
/type1/public/amsfonts/cm/cmmi10.pfb></usr/share/texlive/texmf-dist/fonts/type1
/public/amsfonts/cm/cmmi12.pfb></usr/share/texlive/texmf-dist/fonts/type1/publi
c/amsfonts/cm/cmmi5.pfb></usr/share/texlive/texmf-dist/fonts/type1/public/amsfo
nts/cm/cmmi6.pfb></usr/share/texlive/texmf-dist/fonts/type1/public/amsfonts/cm/
cmmi7.pfb></usr/share/texlive/texmf-dist/fonts/type1/public/amsfonts/cm/cmmi8.p
fb></usr/share/texlive/texmf-dist/fonts/type1/public/amsfonts/cm/cmmi9.pfb></us
r/share/texlive/texmf-dist/fonts/type1/public/amsfonts/cm/cmr10.pfb></usr/share
/texlive/texmf-dist/fonts/type1/public/amsfonts/cm/cmr12.pfb></usr/share/texliv
e/texmf-dist/fonts/type1/public/amsfonts/cm/cmr5.pfb></usr/share/texlive/texmf-
dist/fonts/type1/public/amsfonts/cm/cmr6.pfb></usr/share/texlive/texmf-dist/fon
ts/type1/public/amsfonts/cm/cmr7.pfb></usr/share/texlive/texmf-dist/fonts/type1
/public/amsfonts/cm/cmr8.pfb></usr/share/texlive/texmf-dist/fonts/type1/public/
amsfonts/cm/cmr9.pfb></usr/share/texlive/texmf-dist/fonts/type1/public/amsfonts
/cm/cmsy10.pfb></usr/share/texlive/texmf-dist/fonts/type1/public/amsfonts/cm/cm
sy5.pfb></usr/share/texlive/texmf-dist/fonts/type1/public/amsfonts/cm/cmsy7.pfb
></usr/share/texlive/texmf-dist/fonts/type1/public/amsfonts/cm/cmsy8.pfb></usr/
share/texlive/texmf-dist/fonts/type1/public/amsfonts/cm/cmti10.pfb></usr/share/
texlive/texmf-dist/fonts/type1/public/amsfonts/latxfont/line10.pfb></usr/share/
texlive/texmf-dist/fonts/type1/public/amsfonts/symbols/msbm10.pfb></usr/share/t
exlive/texmf-dist/fonts/type1/urw/times/utmb8a.pfb></usr/share/texlive/texmf-di
st/fonts/type1/urw/times/utmbi8a.pfb></usr/share/texlive/texmf-dist/fonts/type1
/urw/times/utmr8a.pfb></usr/share/texlive/texmf-dist/fonts/type1/urw/times/utmr
i8a.pfb>
Output written on MergeProblem.pdf (38 pages, 2388591 bytes).
PDF statistics:
 1794 PDF objects out of 2073 (max. 8388607)
 885 compressed objects within 9 object streams
 0 named destinations out of 1000 (max. 500000)
 583 words of extra memory for PDF output out of 10000 (max. 10000000)

